{"/mnt/fady/git-fedora/Smart-Home-Mobile-App/smartera/hooks/useWifiScan.ts": {"path":"/mnt/fady/git-fedora/Smart-Home-Mobile-App/smartera/hooks/useWifiScan.ts","statementMap":{"0":{"start":{"line":7,"column":28},"end":{"line":7,"column":103}},"1":{"start":{"line":9,"column":27},"end":{"line":9,"column":41}},"2":{"start":{"line":10,"column":21},"end":{"line":10,"column":34}},"3":{"start":{"line":11,"column":23},"end":{"line":11,"column":25}},"4":{"start":{"line":30,"column":25},"end":{"line":30,"column":55}},"5":{"start":{"line":31,"column":27},"end":{"line":31,"column":197}},"6":{"start":{"line":34,"column":32},"end":{"line":34,"column":64}},"7":{"start":{"line":35,"column":38},"end":{"line":35,"column":53}},"8":{"start":{"line":36,"column":28},"end":{"line":36,"column":57}},"9":{"start":{"line":37,"column":44},"end":{"line":37,"column":59}},"10":{"start":{"line":38,"column":34},"end":{"line":38,"column":60}},"11":{"start":{"line":39,"column":20},"end":{"line":39,"column":29}},"12":{"start":{"line":41,"column":2},"end":{"line":43,"column":9}},"13":{"start":{"line":42,"column":4},"end":{"line":42,"column":22}},"14":{"start":{"line":45,"column":26},"end":{"line":62,"column":3}},"15":{"start":{"line":46,"column":4},"end":{"line":61,"column":5}},"16":{"start":{"line":47,"column":25},"end":{"line":47,"column":51}},"17":{"start":{"line":48,"column":6},"end":{"line":58,"column":7}},"18":{"start":{"line":49,"column":30},"end":{"line":51,"column":9}},"19":{"start":{"line":52,"column":8},"end":{"line":52,"column":40}},"20":{"start":{"line":54,"column":24},"end":{"line":56,"column":9}},"21":{"start":{"line":57,"column":8},"end":{"line":57,"column":34}},"22":{"start":{"line":60,"column":6},"end":{"line":60,"column":29}},"23":{"start":{"line":64,"column":28},"end":{"line":117,"column":3}},"24":{"start":{"line":65,"column":4},"end":{"line":67,"column":5}},"25":{"start":{"line":66,"column":6},"end":{"line":66,"column":18}},"26":{"start":{"line":69,"column":4},"end":{"line":116,"column":5}},"27":{"start":{"line":70,"column":25},"end":{"line":70,"column":51}},"28":{"start":{"line":73,"column":6},"end":{"line":95,"column":7}},"29":{"start":{"line":74,"column":8},"end":{"line":83,"column":10}},"30":{"start":{"line":85,"column":8},"end":{"line":94,"column":10}},"31":{"start":{"line":97,"column":6},"end":{"line":108,"column":7}},"32":{"start":{"line":98,"column":8},"end":{"line":105,"column":10}},"33":{"start":{"line":103,"column":52},"end":{"line":103,"column":74}},"34":{"start":{"line":106,"column":8},"end":{"line":106,"column":32}},"35":{"start":{"line":107,"column":8},"end":{"line":107,"column":21}},"36":{"start":{"line":110,"column":22},"end":{"line":110,"column":77}},"37":{"start":{"line":111,"column":6},"end":{"line":111,"column":32}},"38":{"start":{"line":112,"column":6},"end":{"line":112,"column":21}},"39":{"start":{"line":114,"column":6},"end":{"line":114,"column":55}},"40":{"start":{"line":115,"column":6},"end":{"line":115,"column":19}},"41":{"start":{"line":119,"column":20},"end":{"line":155,"column":3}},"42":{"start":{"line":120,"column":4},"end":{"line":126,"column":5}},"43":{"start":{"line":121,"column":22},"end":{"line":121,"column":47}},"44":{"start":{"line":122,"column":6},"end":{"line":125,"column":7}},"45":{"start":{"line":123,"column":8},"end":{"line":123,"column":67}},"46":{"start":{"line":124,"column":8},"end":{"line":124,"column":15}},"47":{"start":{"line":128,"column":4},"end":{"line":128,"column":24}},"48":{"start":{"line":129,"column":4},"end":{"line":129,"column":28}},"49":{"start":{"line":130,"column":4},"end":{"line":130,"column":19}},"50":{"start":{"line":131,"column":4},"end":{"line":131,"column":19}},"51":{"start":{"line":133,"column":4},"end":{"line":154,"column":5}},"52":{"start":{"line":134,"column":6},"end":{"line":139,"column":7}},"53":{"start":{"line":135,"column":8},"end":{"line":135,"column":174}},"54":{"start":{"line":136,"column":8},"end":{"line":136,"column":29}},"55":{"start":{"line":137,"column":8},"end":{"line":137,"column":28}},"56":{"start":{"line":138,"column":8},"end":{"line":138,"column":15}},"57":{"start":{"line":141,"column":6},"end":{"line":146,"column":7}},"58":{"start":{"line":142,"column":8},"end":{"line":142,"column":162}},"59":{"start":{"line":143,"column":8},"end":{"line":143,"column":29}},"60":{"start":{"line":144,"column":8},"end":{"line":144,"column":28}},"61":{"start":{"line":145,"column":8},"end":{"line":145,"column":15}},"62":{"start":{"line":148,"column":6},"end":{"line":148,"column":37}},"63":{"start":{"line":150,"column":6},"end":{"line":150,"column":71}},"64":{"start":{"line":151,"column":6},"end":{"line":151,"column":27}},"65":{"start":{"line":153,"column":6},"end":{"line":153,"column":27}},"66":{"start":{"line":157,"column":33},"end":{"line":196,"column":3}},"67":{"start":{"line":158,"column":4},"end":{"line":195,"column":5}},"68":{"start":{"line":159,"column":26},"end":{"line":159,"column":78}},"69":{"start":{"line":160,"column":6},"end":{"line":162,"column":7}},"70":{"start":{"line":161,"column":8},"end":{"line":161,"column":62}},"71":{"start":{"line":164,"column":22},"end":{"line":164,"column":46}},"72":{"start":{"line":165,"column":47},"end":{"line":165,"column":49}},"73":{"start":{"line":167,"column":6},"end":{"line":177,"column":7}},"74":{"start":{"line":168,"column":22},"end":{"line":168,"column":62}},"75":{"start":{"line":169,"column":8},"end":{"line":176,"column":9}},"76":{"start":{"line":170,"column":10},"end":{"line":175,"column":13}},"77":{"start":{"line":179,"column":6},"end":{"line":179,"column":51}},"78":{"start":{"line":179,"column":34},"end":{"line":179,"column":49}},"79":{"start":{"line":180,"column":6},"end":{"line":180,"column":31}},"80":{"start":{"line":182,"column":6},"end":{"line":187,"column":7}},"81":{"start":{"line":183,"column":8},"end":{"line":183,"column":132}},"82":{"start":{"line":184,"column":8},"end":{"line":184,"column":29}},"83":{"start":{"line":186,"column":8},"end":{"line":186,"column":28}},"84":{"start":{"line":189,"column":6},"end":{"line":193,"column":7}},"85":{"start":{"line":190,"column":8},"end":{"line":190,"column":122}},"86":{"start":{"line":191,"column":8},"end":{"line":191,"column":28}},"87":{"start":{"line":192,"column":8},"end":{"line":192,"column":15}},"88":{"start":{"line":194,"column":6},"end":{"line":194,"column":16}},"89":{"start":{"line":198,"column":30},"end":{"line":250,"column":3}},"90":{"start":{"line":203,"column":4},"end":{"line":205,"column":5}},"91":{"start":{"line":204,"column":6},"end":{"line":204,"column":19}},"92":{"start":{"line":207,"column":4},"end":{"line":207,"column":30}},"93":{"start":{"line":208,"column":4},"end":{"line":208,"column":19}},"94":{"start":{"line":210,"column":4},"end":{"line":249,"column":5}},"95":{"start":{"line":211,"column":22},"end":{"line":211,"column":70}},"96":{"start":{"line":212,"column":6},"end":{"line":214,"column":7}},"97":{"start":{"line":213,"column":8},"end":{"line":213,"column":53}},"98":{"start":{"line":216,"column":6},"end":{"line":216,"column":83}},"99":{"start":{"line":218,"column":6},"end":{"line":218,"column":62}},"100":{"start":{"line":218,"column":35},"end":{"line":218,"column":60}},"101":{"start":{"line":220,"column":6},"end":{"line":220,"column":29}},"102":{"start":{"line":222,"column":23},"end":{"line":229,"column":7}},"103":{"start":{"line":231,"column":6},"end":{"line":233,"column":7}},"104":{"start":{"line":232,"column":8},"end":{"line":232,"column":69}},"105":{"start":{"line":235,"column":6},"end":{"line":235,"column":30}},"106":{"start":{"line":236,"column":6},"end":{"line":236,"column":18}},"107":{"start":{"line":238,"column":6},"end":{"line":238,"column":71}},"108":{"start":{"line":239,"column":6},"end":{"line":239,"column":27}},"109":{"start":{"line":241,"column":6},"end":{"line":246,"column":16}},"110":{"start":{"line":242,"column":30},"end":{"line":242,"column":78}},"111":{"start":{"line":243,"column":8},"end":{"line":245,"column":9}},"112":{"start":{"line":244,"column":10},"end":{"line":244,"column":62}},"113":{"start":{"line":248,"column":6},"end":{"line":248,"column":19}},"114":{"start":{"line":252,"column":32},"end":{"line":274,"column":3}},"115":{"start":{"line":256,"column":4},"end":{"line":258,"column":5}},"116":{"start":{"line":257,"column":6},"end":{"line":257,"column":19}},"117":{"start":{"line":260,"column":4},"end":{"line":273,"column":5}},"118":{"start":{"line":261,"column":23},"end":{"line":268,"column":7}},"119":{"start":{"line":270,"column":6},"end":{"line":270,"column":25}},"120":{"start":{"line":272,"column":6},"end":{"line":272,"column":19}},"121":{"start":{"line":276,"column":35},"end":{"line":304,"column":3}},"122":{"start":{"line":281,"column":4},"end":{"line":285,"column":5}},"123":{"start":{"line":282,"column":6},"end":{"line":282,"column":62}},"124":{"start":{"line":283,"column":6},"end":{"line":283,"column":27}},"125":{"start":{"line":284,"column":6},"end":{"line":284,"column":19}},"126":{"start":{"line":287,"column":4},"end":{"line":287,"column":27}},"127":{"start":{"line":288,"column":4},"end":{"line":288,"column":19}},"128":{"start":{"line":290,"column":4},"end":{"line":303,"column":5}},"129":{"start":{"line":291,"column":6},"end":{"line":295,"column":16}},"130":{"start":{"line":297,"column":6},"end":{"line":297,"column":30}},"131":{"start":{"line":298,"column":6},"end":{"line":298,"column":18}},"132":{"start":{"line":300,"column":6},"end":{"line":300,"column":66}},"133":{"start":{"line":301,"column":6},"end":{"line":301,"column":27}},"134":{"start":{"line":302,"column":6},"end":{"line":302,"column":19}},"135":{"start":{"line":306,"column":19},"end":{"line":309,"column":3}},"136":{"start":{"line":307,"column":4},"end":{"line":307,"column":25}},"137":{"start":{"line":308,"column":4},"end":{"line":308,"column":24}},"138":{"start":{"line":311,"column":26},"end":{"line":323,"column":3}},"139":{"start":{"line":312,"column":18},"end":{"line":312,"column":49}},"140":{"start":{"line":313,"column":4},"end":{"line":315,"column":5}},"141":{"start":{"line":314,"column":6},"end":{"line":314,"column":18}},"142":{"start":{"line":317,"column":4},"end":{"line":322,"column":6}},"143":{"start":{"line":325,"column":2},"end":{"line":338,"column":4}}},"fnMap":{"0":{"name":"useWifiScan","decl":{"start":{"line":33,"column":16},"end":{"line":33,"column":27}},"loc":{"start":{"line":33,"column":49},"end":{"line":339,"column":1}},"line":33},"1":{"name":"(anonymous_1)","decl":{"start":{"line":41,"column":12},"end":{"line":41,"column":13}},"loc":{"start":{"line":41,"column":18},"end":{"line":43,"column":3}},"line":41},"2":{"name":"(anonymous_2)","decl":{"start":{"line":45,"column":26},"end":{"line":45,"column":27}},"loc":{"start":{"line":45,"column":38},"end":{"line":62,"column":3}},"line":45},"3":{"name":"(anonymous_3)","decl":{"start":{"line":64,"column":28},"end":{"line":64,"column":29}},"loc":{"start":{"line":64,"column":58},"end":{"line":117,"column":3}},"line":64},"4":{"name":"(anonymous_4)","decl":{"start":{"line":103,"column":46},"end":{"line":103,"column":47}},"loc":{"start":{"line":103,"column":52},"end":{"line":103,"column":74}},"line":103},"5":{"name":"(anonymous_5)","decl":{"start":{"line":119,"column":20},"end":{"line":119,"column":21}},"loc":{"start":{"line":119,"column":32},"end":{"line":155,"column":3}},"line":119},"6":{"name":"(anonymous_6)","decl":{"start":{"line":157,"column":33},"end":{"line":157,"column":34}},"loc":{"start":{"line":157,"column":45},"end":{"line":196,"column":3}},"line":157},"7":{"name":"(anonymous_7)","decl":{"start":{"line":179,"column":24},"end":{"line":179,"column":25}},"loc":{"start":{"line":179,"column":34},"end":{"line":179,"column":49}},"line":179},"8":{"name":"(anonymous_8)","decl":{"start":{"line":198,"column":30},"end":{"line":198,"column":31}},"loc":{"start":{"line":202,"column":25},"end":{"line":250,"column":3}},"line":202},"9":{"name":"(anonymous_9)","decl":{"start":{"line":218,"column":24},"end":{"line":218,"column":25}},"loc":{"start":{"line":218,"column":35},"end":{"line":218,"column":60}},"line":218},"10":{"name":"(anonymous_10)","decl":{"start":{"line":252,"column":32},"end":{"line":252,"column":33}},"loc":{"start":{"line":255,"column":25},"end":{"line":274,"column":3}},"line":255},"11":{"name":"(anonymous_11)","decl":{"start":{"line":276,"column":35},"end":{"line":276,"column":36}},"loc":{"start":{"line":280,"column":25},"end":{"line":304,"column":3}},"line":280},"12":{"name":"(anonymous_12)","decl":{"start":{"line":306,"column":19},"end":{"line":306,"column":20}},"loc":{"start":{"line":306,"column":25},"end":{"line":309,"column":3}},"line":306},"13":{"name":"(anonymous_13)","decl":{"start":{"line":311,"column":26},"end":{"line":311,"column":27}},"loc":{"start":{"line":311,"column":69},"end":{"line":323,"column":3}},"line":311}},"branchMap":{"0":{"loc":{"start":{"line":46,"column":4},"end":{"line":61,"column":5}},"type":"if","locations":[{"start":{"line":46,"column":4},"end":{"line":61,"column":5}},{"start":{"line":59,"column":11},"end":{"line":61,"column":5}}],"line":46},"1":{"loc":{"start":{"line":48,"column":6},"end":{"line":58,"column":7}},"type":"if","locations":[{"start":{"line":48,"column":6},"end":{"line":58,"column":7}},{"start":{"line":53,"column":13},"end":{"line":58,"column":7}}],"line":48},"2":{"loc":{"start":{"line":65,"column":4},"end":{"line":67,"column":5}},"type":"if","locations":[{"start":{"line":65,"column":4},"end":{"line":67,"column":5}},{"start":{},"end":{}}],"line":65},"3":{"loc":{"start":{"line":73,"column":6},"end":{"line":95,"column":7}},"type":"if","locations":[{"start":{"line":73,"column":6},"end":{"line":95,"column":7}},{"start":{"line":84,"column":13},"end":{"line":95,"column":7}}],"line":73},"4":{"loc":{"start":{"line":97,"column":6},"end":{"line":108,"column":7}},"type":"if","locations":[{"start":{"line":97,"column":6},"end":{"line":108,"column":7}},{"start":{},"end":{}}],"line":97},"5":{"loc":{"start":{"line":120,"column":4},"end":{"line":126,"column":5}},"type":"if","locations":[{"start":{"line":120,"column":4},"end":{"line":126,"column":5}},{"start":{},"end":{}}],"line":120},"6":{"loc":{"start":{"line":122,"column":6},"end":{"line":125,"column":7}},"type":"if","locations":[{"start":{"line":122,"column":6},"end":{"line":125,"column":7}},{"start":{},"end":{}}],"line":122},"7":{"loc":{"start":{"line":134,"column":6},"end":{"line":139,"column":7}},"type":"if","locations":[{"start":{"line":134,"column":6},"end":{"line":139,"column":7}},{"start":{},"end":{}}],"line":134},"8":{"loc":{"start":{"line":141,"column":6},"end":{"line":146,"column":7}},"type":"if","locations":[{"start":{"line":141,"column":6},"end":{"line":146,"column":7}},{"start":{},"end":{}}],"line":141},"9":{"loc":{"start":{"line":150,"column":15},"end":{"line":150,"column":69}},"type":"binary-expr","locations":[{"start":{"line":150,"column":15},"end":{"line":150,"column":37}},{"start":{"line":150,"column":41},"end":{"line":150,"column":69}}],"line":150},"10":{"loc":{"start":{"line":160,"column":6},"end":{"line":162,"column":7}},"type":"if","locations":[{"start":{"line":160,"column":6},"end":{"line":162,"column":7}},{"start":{},"end":{}}],"line":160},"11":{"loc":{"start":{"line":169,"column":8},"end":{"line":176,"column":9}},"type":"if","locations":[{"start":{"line":169,"column":8},"end":{"line":176,"column":9}},{"start":{},"end":{}}],"line":169},"12":{"loc":{"start":{"line":171,"column":16},"end":{"line":171,"column":45}},"type":"binary-expr","locations":[{"start":{"line":171,"column":16},"end":{"line":171,"column":29}},{"start":{"line":171,"column":33},"end":{"line":171,"column":45}}],"line":171},"13":{"loc":{"start":{"line":174,"column":18},"end":{"line":174,"column":38}},"type":"binary-expr","locations":[{"start":{"line":174,"column":18},"end":{"line":174,"column":31}},{"start":{"line":174,"column":35},"end":{"line":174,"column":38}}],"line":174},"14":{"loc":{"start":{"line":182,"column":6},"end":{"line":187,"column":7}},"type":"if","locations":[{"start":{"line":182,"column":6},"end":{"line":187,"column":7}},{"start":{"line":185,"column":13},"end":{"line":187,"column":7}}],"line":182},"15":{"loc":{"start":{"line":189,"column":6},"end":{"line":193,"column":7}},"type":"if","locations":[{"start":{"line":189,"column":6},"end":{"line":193,"column":7}},{"start":{},"end":{}}],"line":189},"16":{"loc":{"start":{"line":189,"column":10},"end":{"line":189,"column":88}},"type":"binary-expr","locations":[{"start":{"line":189,"column":10},"end":{"line":189,"column":48}},{"start":{"line":189,"column":52},"end":{"line":189,"column":88}}],"line":189},"17":{"loc":{"start":{"line":203,"column":4},"end":{"line":205,"column":5}},"type":"if","locations":[{"start":{"line":203,"column":4},"end":{"line":205,"column":5}},{"start":{},"end":{}}],"line":203},"18":{"loc":{"start":{"line":203,"column":8},"end":{"line":203,"column":54}},"type":"binary-expr","locations":[{"start":{"line":203,"column":8},"end":{"line":203,"column":29}},{"start":{"line":203,"column":33},"end":{"line":203,"column":54}}],"line":203},"19":{"loc":{"start":{"line":212,"column":6},"end":{"line":214,"column":7}},"type":"if","locations":[{"start":{"line":212,"column":6},"end":{"line":214,"column":7}},{"start":{},"end":{}}],"line":212},"20":{"loc":{"start":{"line":231,"column":6},"end":{"line":233,"column":7}},"type":"if","locations":[{"start":{"line":231,"column":6},"end":{"line":233,"column":7}},{"start":{},"end":{}}],"line":231},"21":{"loc":{"start":{"line":243,"column":8},"end":{"line":245,"column":9}},"type":"if","locations":[{"start":{"line":243,"column":8},"end":{"line":245,"column":9}},{"start":{},"end":{}}],"line":243},"22":{"loc":{"start":{"line":256,"column":4},"end":{"line":258,"column":5}},"type":"if","locations":[{"start":{"line":256,"column":4},"end":{"line":258,"column":5}},{"start":{},"end":{}}],"line":256},"23":{"loc":{"start":{"line":256,"column":8},"end":{"line":256,"column":54}},"type":"binary-expr","locations":[{"start":{"line":256,"column":8},"end":{"line":256,"column":29}},{"start":{"line":256,"column":33},"end":{"line":256,"column":54}}],"line":256},"24":{"loc":{"start":{"line":281,"column":4},"end":{"line":285,"column":5}},"type":"if","locations":[{"start":{"line":281,"column":4},"end":{"line":285,"column":5}},{"start":{},"end":{}}],"line":281},"25":{"loc":{"start":{"line":300,"column":15},"end":{"line":300,"column":64}},"type":"binary-expr","locations":[{"start":{"line":300,"column":15},"end":{"line":300,"column":26}},{"start":{"line":300,"column":30},"end":{"line":300,"column":64}}],"line":300},"26":{"loc":{"start":{"line":313,"column":4},"end":{"line":315,"column":5}},"type":"if","locations":[{"start":{"line":313,"column":4},"end":{"line":315,"column":5}},{"start":{},"end":{}}],"line":313}},"s":{"0":1,"1":1,"2":1,"3":1,"4":1,"5":1,"6":23,"7":23,"8":23,"9":23,"10":23,"11":23,"12":23,"13":9,"14":23,"15":9,"16":0,"17":0,"18":0,"19":0,"20":0,"21":0,"22":9,"23":23,"24":0,"25":0,"26":0,"27":0,"28":0,"29":0,"30":0,"31":0,"32":0,"33":0,"34":0,"35":0,"36":0,"37":0,"38":0,"39":0,"40":0,"41":23,"42":1,"43":0,"44":0,"45":0,"46":0,"47":1,"48":1,"49":1,"50":1,"51":1,"52":1,"53":1,"54":1,"55":1,"56":1,"57":0,"58":0,"59":0,"60":0,"61":0,"62":0,"63":0,"64":0,"65":1,"66":23,"67":0,"68":0,"69":0,"70":0,"71":0,"72":0,"73":0,"74":0,"75":0,"76":0,"77":0,"78":0,"79":0,"80":0,"81":0,"82":0,"83":0,"84":0,"85":0,"86":0,"87":0,"88":0,"89":23,"90":1,"91":1,"92":0,"93":0,"94":0,"95":0,"96":0,"97":0,"98":0,"99":0,"100":0,"101":0,"102":0,"103":0,"104":0,"105":0,"106":0,"107":0,"108":0,"109":0,"110":0,"111":0,"112":0,"113":0,"114":23,"115":1,"116":1,"117":0,"118":0,"119":0,"120":0,"121":23,"122":3,"123":0,"124":0,"125":0,"126":3,"127":3,"128":3,"129":3,"130":1,"131":1,"132":2,"133":2,"134":2,"135":23,"136":1,"137":1,"138":23,"139":2,"140":2,"141":1,"142":1,"143":23},"f":{"0":23,"1":9,"2":9,"3":0,"4":0,"5":1,"6":0,"7":0,"8":1,"9":0,"10":1,"11":3,"12":1,"13":2},"b":{"0":[0,9],"1":[0,0],"2":[0,0],"3":[0,0],"4":[0,0],"5":[0,1],"6":[0,0],"7":[1,0],"8":[0,0],"9":[0,0],"10":[0,0],"11":[0,0],"12":[0,0],"13":[0,0],"14":[0,0],"15":[0,0],"16":[0,0],"17":[1,0],"18":[1,0],"19":[0,0],"20":[0,0],"21":[0,0],"22":[1,0],"23":[1,0],"24":[0,3],"25":[2,0],"26":[1,1]},"_coverageSchema":"1a1c01bbd47fc00a2c39e90264f33305004495a9","hash":"5deb6e7d6bb04d54e0caeab0cd964fede1fc7314"}
}
