{"/mnt/fady/git-fedora/Smart-Home-Mobile-App/smartera/context/AuthContext.tsx": {"path":"/mnt/fady/git-fedora/Smart-Home-Mobile-App/smartera/context/AuthContext.tsx","statementMap":{"0":{"start":{"line":6,"column":2},"end":{"line":11,"column":3}},"1":{"start":{"line":7,"column":19},"end":{"line":7,"column":34}},"2":{"start":{"line":8,"column":4},"end":{"line":8,"column":63}},"3":{"start":{"line":10,"column":4},"end":{"line":10,"column":15}},"4":{"start":{"line":23,"column":20},"end":{"line":23,"column":73}},"5":{"start":{"line":25,"column":23},"end":{"line":31,"column":1}},"6":{"start":{"line":26,"column":18},"end":{"line":26,"column":41}},"7":{"start":{"line":27,"column":2},"end":{"line":29,"column":3}},"8":{"start":{"line":28,"column":4},"end":{"line":28,"column":67}},"9":{"start":{"line":30,"column":2},"end":{"line":30,"column":17}},"10":{"start":{"line":33,"column":69},"end":{"line":182,"column":1}},"11":{"start":{"line":36,"column":28},"end":{"line":36,"column":57}},"12":{"start":{"line":37,"column":26},"end":{"line":37,"column":52}},"13":{"start":{"line":38,"column":36},"end":{"line":38,"column":50}},"14":{"start":{"line":40,"column":2},"end":{"line":42,"column":9}},"15":{"start":{"line":41,"column":4},"end":{"line":41,"column":21}},"16":{"start":{"line":44,"column":27},"end":{"line":59,"column":3}},"17":{"start":{"line":45,"column":21},"end":{"line":50,"column":6}},"18":{"start":{"line":51,"column":4},"end":{"line":54,"column":5}},"19":{"start":{"line":52,"column":19},"end":{"line":52,"column":40}},"20":{"start":{"line":53,"column":6},"end":{"line":53,"column":31}},"21":{"start":{"line":55,"column":4},"end":{"line":57,"column":5}},"22":{"start":{"line":56,"column":6},"end":{"line":56,"column":18}},"23":{"start":{"line":58,"column":4},"end":{"line":58,"column":56}},"24":{"start":{"line":61,"column":25},"end":{"line":88,"column":3}},"25":{"start":{"line":62,"column":4},"end":{"line":87,"column":5}},"26":{"start":{"line":63,"column":26},"end":{"line":63,"column":61}},"27":{"start":{"line":64,"column":25},"end":{"line":64,"column":59}},"28":{"start":{"line":66,"column":6},"end":{"line":82,"column":7}},"29":{"start":{"line":67,"column":8},"end":{"line":81,"column":9}},"30":{"start":{"line":68,"column":30},"end":{"line":68,"column":65}},"31":{"start":{"line":69,"column":10},"end":{"line":76,"column":11}},"32":{"start":{"line":70,"column":12},"end":{"line":70,"column":34}},"33":{"start":{"line":71,"column":12},"end":{"line":71,"column":33}},"34":{"start":{"line":72,"column":12},"end":{"line":72,"column":76}},"35":{"start":{"line":74,"column":12},"end":{"line":74,"column":51}},"36":{"start":{"line":75,"column":12},"end":{"line":75,"column":50}},"37":{"start":{"line":78,"column":29},"end":{"line":78,"column":71}},"38":{"start":{"line":79,"column":10},"end":{"line":79,"column":32}},"39":{"start":{"line":80,"column":10},"end":{"line":80,"column":30}},"40":{"start":{"line":84,"column":6},"end":{"line":84,"column":56}},"41":{"start":{"line":86,"column":6},"end":{"line":86,"column":26}},"42":{"start":{"line":90,"column":14},"end":{"line":133,"column":3}},"43":{"start":{"line":91,"column":4},"end":{"line":132,"column":5}},"44":{"start":{"line":92,"column":23},"end":{"line":96,"column":8}},"45":{"start":{"line":98,"column":6},"end":{"line":118,"column":7}},"46":{"start":{"line":99,"column":21},"end":{"line":99,"column":42}},"47":{"start":{"line":100,"column":8},"end":{"line":100,"column":29}},"48":{"start":{"line":101,"column":8},"end":{"line":101,"column":56}},"49":{"start":{"line":103,"column":26},"end":{"line":103,"column":43}},"50":{"start":{"line":104,"column":8},"end":{"line":108,"column":9}},"51":{"start":{"line":105,"column":10},"end":{"line":107,"column":20}},"52":{"start":{"line":106,"column":12},"end":{"line":106,"column":61}},"53":{"start":{"line":110,"column":8},"end":{"line":116,"column":9}},"54":{"start":{"line":111,"column":10},"end":{"line":111,"column":31}},"55":{"start":{"line":112,"column":10},"end":{"line":112,"column":74}},"56":{"start":{"line":114,"column":29},"end":{"line":114,"column":63}},"57":{"start":{"line":115,"column":10},"end":{"line":115,"column":62}},"58":{"start":{"line":117,"column":8},"end":{"line":117,"column":15}},"59":{"start":{"line":120,"column":24},"end":{"line":120,"column":45}},"60":{"start":{"line":121,"column":22},"end":{"line":121,"column":50}},"61":{"start":{"line":123,"column":6},"end":{"line":125,"column":7}},"62":{"start":{"line":124,"column":8},"end":{"line":124,"column":53}},"63":{"start":{"line":126,"column":6},"end":{"line":126,"column":49}},"64":{"start":{"line":128,"column":6},"end":{"line":130,"column":7}},"65":{"start":{"line":129,"column":8},"end":{"line":129,"column":87}},"66":{"start":{"line":131,"column":6},"end":{"line":131,"column":18}},"67":{"start":{"line":135,"column":19},"end":{"line":166,"column":3}},"68":{"start":{"line":140,"column":4},"end":{"line":165,"column":5}},"69":{"start":{"line":141,"column":23},"end":{"line":150,"column":8}},"70":{"start":{"line":152,"column":6},"end":{"line":155,"column":7}},"71":{"start":{"line":153,"column":8},"end":{"line":153,"column":37}},"72":{"start":{"line":154,"column":8},"end":{"line":154,"column":15}},"73":{"start":{"line":157,"column":24},"end":{"line":157,"column":45}},"74":{"start":{"line":158,"column":22},"end":{"line":158,"column":50}},"75":{"start":{"line":159,"column":6},"end":{"line":159,"column":56}},"76":{"start":{"line":161,"column":6},"end":{"line":163,"column":7}},"77":{"start":{"line":162,"column":8},"end":{"line":162,"column":87}},"78":{"start":{"line":164,"column":6},"end":{"line":164,"column":18}},"79":{"start":{"line":168,"column":17},"end":{"line":173,"column":3}},"80":{"start":{"line":169,"column":4},"end":{"line":169,"column":19}},"81":{"start":{"line":170,"column":4},"end":{"line":170,"column":18}},"82":{"start":{"line":171,"column":4},"end":{"line":171,"column":43}},"83":{"start":{"line":172,"column":4},"end":{"line":172,"column":42}},"84":{"start":{"line":175,"column":2},"end":{"line":181,"column":4}}},"fnMap":{"0":{"name":"parseErrorMessage","decl":{"start":{"line":5,"column":9},"end":{"line":5,"column":26}},"loc":{"start":{"line":5,"column":48},"end":{"line":12,"column":1}},"line":5},"1":{"name":"(anonymous_1)","decl":{"start":{"line":25,"column":23},"end":{"line":25,"column":24}},"loc":{"start":{"line":25,"column":29},"end":{"line":31,"column":1}},"line":25},"2":{"name":"(anonymous_2)","decl":{"start":{"line":33,"column":69},"end":{"line":33,"column":70}},"loc":{"start":{"line":35,"column":6},"end":{"line":182,"column":1}},"line":35},"3":{"name":"(anonymous_3)","decl":{"start":{"line":40,"column":12},"end":{"line":40,"column":13}},"loc":{"start":{"line":40,"column":18},"end":{"line":42,"column":3}},"line":40},"4":{"name":"(anonymous_4)","decl":{"start":{"line":44,"column":27},"end":{"line":44,"column":28}},"loc":{"start":{"line":44,"column":70},"end":{"line":59,"column":3}},"line":44},"5":{"name":"(anonymous_5)","decl":{"start":{"line":61,"column":25},"end":{"line":61,"column":26}},"loc":{"start":{"line":61,"column":37},"end":{"line":88,"column":3}},"line":61},"6":{"name":"(anonymous_6)","decl":{"start":{"line":90,"column":14},"end":{"line":90,"column":15}},"loc":{"start":{"line":90,"column":72},"end":{"line":133,"column":3}},"line":90},"7":{"name":"(anonymous_7)","decl":{"start":{"line":135,"column":19},"end":{"line":135,"column":20}},"loc":{"start":{"line":139,"column":22},"end":{"line":166,"column":3}},"line":139},"8":{"name":"(anonymous_8)","decl":{"start":{"line":168,"column":17},"end":{"line":168,"column":18}},"loc":{"start":{"line":168,"column":29},"end":{"line":173,"column":3}},"line":168}},"branchMap":{"0":{"loc":{"start":{"line":8,"column":11},"end":{"line":8,"column":62}},"type":"binary-expr","locations":[{"start":{"line":8,"column":11},"end":{"line":8,"column":25}},{"start":{"line":8,"column":29},"end":{"line":8,"column":41}},{"start":{"line":8,"column":45},"end":{"line":8,"column":55}},{"start":{"line":8,"column":59},"end":{"line":8,"column":62}}],"line":8},"1":{"loc":{"start":{"line":27,"column":2},"end":{"line":29,"column":3}},"type":"if","locations":[{"start":{"line":27,"column":2},"end":{"line":29,"column":3}},{"start":{},"end":{}}],"line":27},"2":{"loc":{"start":{"line":51,"column":4},"end":{"line":54,"column":5}},"type":"if","locations":[{"start":{"line":51,"column":4},"end":{"line":54,"column":5}},{"start":{},"end":{}}],"line":51},"3":{"loc":{"start":{"line":53,"column":13},"end":{"line":53,"column":30}},"type":"binary-expr","locations":[{"start":{"line":53,"column":13},"end":{"line":53,"column":22}},{"start":{"line":53,"column":26},"end":{"line":53,"column":30}}],"line":53},"4":{"loc":{"start":{"line":55,"column":4},"end":{"line":57,"column":5}},"type":"if","locations":[{"start":{"line":55,"column":4},"end":{"line":57,"column":5}},{"start":{},"end":{}}],"line":55},"5":{"loc":{"start":{"line":55,"column":8},"end":{"line":55,"column":58}},"type":"binary-expr","locations":[{"start":{"line":55,"column":8},"end":{"line":55,"column":31}},{"start":{"line":55,"column":35},"end":{"line":55,"column":58}}],"line":55},"6":{"loc":{"start":{"line":66,"column":6},"end":{"line":82,"column":7}},"type":"if","locations":[{"start":{"line":66,"column":6},"end":{"line":82,"column":7}},{"start":{},"end":{}}],"line":66},"7":{"loc":{"start":{"line":69,"column":10},"end":{"line":76,"column":11}},"type":"if","locations":[{"start":{"line":69,"column":10},"end":{"line":76,"column":11}},{"start":{"line":73,"column":17},"end":{"line":76,"column":11}}],"line":69},"8":{"loc":{"start":{"line":78,"column":29},"end":{"line":78,"column":71}},"type":"cond-expr","locations":[{"start":{"line":78,"column":42},"end":{"line":78,"column":64}},{"start":{"line":78,"column":67},"end":{"line":78,"column":71}}],"line":78},"9":{"loc":{"start":{"line":98,"column":6},"end":{"line":118,"column":7}},"type":"if","locations":[{"start":{"line":98,"column":6},"end":{"line":118,"column":7}},{"start":{},"end":{}}],"line":98},"10":{"loc":{"start":{"line":103,"column":26},"end":{"line":103,"column":43}},"type":"binary-expr","locations":[{"start":{"line":103,"column":26},"end":{"line":103,"column":35}},{"start":{"line":103,"column":39},"end":{"line":103,"column":43}}],"line":103},"11":{"loc":{"start":{"line":104,"column":8},"end":{"line":108,"column":9}},"type":"if","locations":[{"start":{"line":104,"column":8},"end":{"line":108,"column":9}},{"start":{},"end":{}}],"line":104},"12":{"loc":{"start":{"line":104,"column":12},"end":{"line":104,"column":38}},"type":"binary-expr","locations":[{"start":{"line":104,"column":12},"end":{"line":104,"column":24}},{"start":{"line":104,"column":28},"end":{"line":104,"column":38}}],"line":104},"13":{"loc":{"start":{"line":110,"column":8},"end":{"line":116,"column":9}},"type":"if","locations":[{"start":{"line":110,"column":8},"end":{"line":116,"column":9}},{"start":{"line":113,"column":15},"end":{"line":116,"column":9}}],"line":110},"14":{"loc":{"start":{"line":115,"column":18},"end":{"line":115,"column":60}},"type":"cond-expr","locations":[{"start":{"line":115,"column":31},"end":{"line":115,"column":53}},{"start":{"line":115,"column":56},"end":{"line":115,"column":60}}],"line":115},"15":{"loc":{"start":{"line":123,"column":6},"end":{"line":125,"column":7}},"type":"if","locations":[{"start":{"line":123,"column":6},"end":{"line":125,"column":7}},{"start":{},"end":{}}],"line":123},"16":{"loc":{"start":{"line":126,"column":22},"end":{"line":126,"column":47}},"type":"binary-expr","locations":[{"start":{"line":126,"column":22},"end":{"line":126,"column":29}},{"start":{"line":126,"column":33},"end":{"line":126,"column":47}}],"line":126},"17":{"loc":{"start":{"line":128,"column":6},"end":{"line":130,"column":7}},"type":"if","locations":[{"start":{"line":128,"column":6},"end":{"line":130,"column":7}},{"start":{},"end":{}}],"line":128},"18":{"loc":{"start":{"line":128,"column":10},"end":{"line":128,"column":82}},"type":"binary-expr","locations":[{"start":{"line":128,"column":10},"end":{"line":128,"column":36}},{"start":{"line":128,"column":40},"end":{"line":128,"column":82}}],"line":128},"19":{"loc":{"start":{"line":152,"column":6},"end":{"line":155,"column":7}},"type":"if","locations":[{"start":{"line":152,"column":6},"end":{"line":155,"column":7}},{"start":{},"end":{}}],"line":152},"20":{"loc":{"start":{"line":159,"column":22},"end":{"line":159,"column":54}},"type":"binary-expr","locations":[{"start":{"line":159,"column":22},"end":{"line":159,"column":29}},{"start":{"line":159,"column":33},"end":{"line":159,"column":54}}],"line":159},"21":{"loc":{"start":{"line":161,"column":6},"end":{"line":163,"column":7}},"type":"if","locations":[{"start":{"line":161,"column":6},"end":{"line":163,"column":7}},{"start":{},"end":{}}],"line":161},"22":{"loc":{"start":{"line":161,"column":10},"end":{"line":161,"column":82}},"type":"binary-expr","locations":[{"start":{"line":161,"column":10},"end":{"line":161,"column":36}},{"start":{"line":161,"column":40},"end":{"line":161,"column":82}}],"line":161}},"s":{"0":3,"1":3,"2":3,"3":0,"4":3,"5":3,"6":47,"7":47,"8":2,"9":45,"10":3,"11":36,"12":36,"13":36,"14":36,"15":19,"16":36,"17":15,"18":15,"19":13,"20":13,"21":2,"22":1,"23":1,"24":36,"25":19,"26":19,"27":19,"28":19,"29":11,"30":11,"31":10,"32":9,"33":9,"34":9,"35":1,"36":1,"37":1,"38":1,"39":1,"40":0,"41":19,"42":36,"43":6,"44":6,"45":6,"46":4,"47":4,"48":4,"49":4,"50":4,"51":4,"52":4,"53":4,"54":4,"55":4,"56":0,"57":0,"58":4,"59":2,"60":2,"61":2,"62":1,"63":1,"64":2,"65":0,"66":2,"67":36,"68":2,"69":2,"70":2,"71":1,"72":1,"73":1,"74":1,"75":1,"76":1,"77":0,"78":1,"79":36,"80":1,"81":1,"82":1,"83":1,"84":36},"f":{"0":3,"1":47,"2":36,"3":19,"4":15,"5":19,"6":6,"7":2,"8":1},"b":{"0":[3,0,0,0],"1":[2,45],"2":[13,2],"3":[13,0],"4":[1,1],"5":[2,1],"6":[11,8],"7":[9,1],"8":[1,0],"9":[4,2],"10":[4,4],"11":[4,0],"12":[4,4],"13":[4,0],"14":[0,0],"15":[1,1],"16":[1,0],"17":[0,2],"18":[2,0],"19":[1,1],"20":[1,0],"21":[0,1],"22":[1,0]},"_coverageSchema":"1a1c01bbd47fc00a2c39e90264f33305004495a9","hash":"31fec1d6651737297d5e5cdad1998d79d25044b5"}
,"/mnt/fady/git-fedora/Smart-Home-Mobile-App/smartera/context/ProvisioningContext.tsx": {"path":"/mnt/fady/git-fedora/Smart-Home-Mobile-App/smartera/context/ProvisioningContext.tsx","statementMap":{"0":{"start":{"line":83,"column":40},"end":{"line":96,"column":1}},"1":{"start":{"line":98,"column":20},"end":{"line":98,"column":43}},"2":{"start":{"line":99,"column":26},"end":{"line":99,"column":36}},"3":{"start":{"line":102,"column":2},"end":{"line":167,"column":3}},"4":{"start":{"line":104,"column":6},"end":{"line":112,"column":8}},"5":{"start":{"line":114,"column":6},"end":{"line":118,"column":8}},"6":{"start":{"line":120,"column":6},"end":{"line":125,"column":8}},"7":{"start":{"line":127,"column":6},"end":{"line":131,"column":8}},"8":{"start":{"line":133,"column":6},"end":{"line":137,"column":8}},"9":{"start":{"line":139,"column":6},"end":{"line":144,"column":8}},"10":{"start":{"line":146,"column":6},"end":{"line":151,"column":8}},"11":{"start":{"line":153,"column":6},"end":{"line":157,"column":8}},"12":{"start":{"line":159,"column":6},"end":{"line":159,"column":26}},"13":{"start":{"line":161,"column":6},"end":{"line":164,"column":8}},"14":{"start":{"line":166,"column":6},"end":{"line":166,"column":19}},"15":{"start":{"line":183,"column":28},"end":{"line":183,"column":90}},"16":{"start":{"line":186,"column":28},"end":{"line":186,"column":73}},"17":{"start":{"line":188,"column":2},"end":{"line":190,"column":9}},"18":{"start":{"line":189,"column":4},"end":{"line":189,"column":19}},"19":{"start":{"line":192,"column":2},"end":{"line":196,"column":14}},"20":{"start":{"line":193,"column":4},"end":{"line":195,"column":5}},"21":{"start":{"line":194,"column":6},"end":{"line":194,"column":23}},"22":{"start":{"line":198,"column":23},"end":{"line":216,"column":3}},"23":{"start":{"line":199,"column":4},"end":{"line":215,"column":5}},"24":{"start":{"line":200,"column":20},"end":{"line":200,"column":59}},"25":{"start":{"line":201,"column":6},"end":{"line":203,"column":7}},"26":{"start":{"line":202,"column":8},"end":{"line":202,"column":15}},"27":{"start":{"line":205,"column":21},"end":{"line":205,"column":59}},"28":{"start":{"line":206,"column":18},"end":{"line":206,"column":28}},"29":{"start":{"line":207,"column":6},"end":{"line":210,"column":7}},"30":{"start":{"line":208,"column":8},"end":{"line":208,"column":51}},"31":{"start":{"line":209,"column":8},"end":{"line":209,"column":15}},"32":{"start":{"line":212,"column":6},"end":{"line":212,"column":53}},"33":{"start":{"line":214,"column":6},"end":{"line":214,"column":68}},"34":{"start":{"line":218,"column":20},"end":{"line":224,"column":3}},"35":{"start":{"line":219,"column":4},"end":{"line":223,"column":5}},"36":{"start":{"line":220,"column":6},"end":{"line":220,"column":73}},"37":{"start":{"line":222,"column":6},"end":{"line":222,"column":65}},"38":{"start":{"line":226,"column":23},"end":{"line":228,"column":3}},"39":{"start":{"line":227,"column":4},"end":{"line":227,"column":71}},"40":{"start":{"line":230,"column":19},"end":{"line":232,"column":3}},"41":{"start":{"line":231,"column":4},"end":{"line":231,"column":52}},"42":{"start":{"line":234,"column":23},"end":{"line":236,"column":3}},"43":{"start":{"line":235,"column":4},"end":{"line":235,"column":57}},"44":{"start":{"line":238,"column":18},"end":{"line":240,"column":3}},"45":{"start":{"line":239,"column":4},"end":{"line":239,"column":50}},"46":{"start":{"line":242,"column":22},"end":{"line":244,"column":3}},"47":{"start":{"line":243,"column":4},"end":{"line":243,"column":58}},"48":{"start":{"line":246,"column":22},"end":{"line":248,"column":3}},"49":{"start":{"line":247,"column":4},"end":{"line":247,"column":56}},"50":{"start":{"line":250,"column":19},"end":{"line":252,"column":3}},"51":{"start":{"line":251,"column":4},"end":{"line":251,"column":75}},"52":{"start":{"line":254,"column":21},"end":{"line":256,"column":3}},"53":{"start":{"line":255,"column":4},"end":{"line":255,"column":38}},"54":{"start":{"line":258,"column":16},"end":{"line":261,"column":3}},"55":{"start":{"line":259,"column":4},"end":{"line":259,"column":32}},"56":{"start":{"line":260,"column":4},"end":{"line":260,"column":47}},"57":{"start":{"line":263,"column":2},"end":{"line":280,"column":4}},"58":{"start":{"line":284,"column":18},"end":{"line":284,"column":49}},"59":{"start":{"line":285,"column":2},"end":{"line":287,"column":3}},"60":{"start":{"line":286,"column":4},"end":{"line":286,"column":87}},"61":{"start":{"line":288,"column":2},"end":{"line":288,"column":17}}},"fnMap":{"0":{"name":"provisioningReducer","decl":{"start":{"line":101,"column":9},"end":{"line":101,"column":28}},"loc":{"start":{"line":101,"column":102},"end":{"line":168,"column":1}},"line":101},"1":{"name":"ProvisioningProvider","decl":{"start":{"line":185,"column":16},"end":{"line":185,"column":36}},"loc":{"start":{"line":185,"column":76},"end":{"line":281,"column":1}},"line":185},"2":{"name":"(anonymous_2)","decl":{"start":{"line":188,"column":12},"end":{"line":188,"column":13}},"loc":{"start":{"line":188,"column":18},"end":{"line":190,"column":3}},"line":188},"3":{"name":"(anonymous_3)","decl":{"start":{"line":192,"column":12},"end":{"line":192,"column":13}},"loc":{"start":{"line":192,"column":18},"end":{"line":196,"column":3}},"line":192},"4":{"name":"(anonymous_4)","decl":{"start":{"line":198,"column":23},"end":{"line":198,"column":24}},"loc":{"start":{"line":198,"column":35},"end":{"line":216,"column":3}},"line":198},"5":{"name":"(anonymous_5)","decl":{"start":{"line":218,"column":20},"end":{"line":218,"column":21}},"loc":{"start":{"line":218,"column":60},"end":{"line":224,"column":3}},"line":218},"6":{"name":"(anonymous_6)","decl":{"start":{"line":226,"column":23},"end":{"line":226,"column":24}},"loc":{"start":{"line":226,"column":61},"end":{"line":228,"column":3}},"line":226},"7":{"name":"(anonymous_7)","decl":{"start":{"line":230,"column":19},"end":{"line":230,"column":20}},"loc":{"start":{"line":230,"column":49},"end":{"line":232,"column":3}},"line":230},"8":{"name":"(anonymous_8)","decl":{"start":{"line":234,"column":23},"end":{"line":234,"column":24}},"loc":{"start":{"line":234,"column":53},"end":{"line":236,"column":3}},"line":234},"9":{"name":"(anonymous_9)","decl":{"start":{"line":238,"column":18},"end":{"line":238,"column":19}},"loc":{"start":{"line":238,"column":36},"end":{"line":240,"column":3}},"line":238},"10":{"name":"(anonymous_10)","decl":{"start":{"line":242,"column":22},"end":{"line":242,"column":23}},"loc":{"start":{"line":242,"column":57},"end":{"line":244,"column":3}},"line":242},"11":{"name":"(anonymous_11)","decl":{"start":{"line":246,"column":22},"end":{"line":246,"column":23}},"loc":{"start":{"line":246,"column":78},"end":{"line":248,"column":3}},"line":246},"12":{"name":"(anonymous_12)","decl":{"start":{"line":250,"column":19},"end":{"line":250,"column":20}},"loc":{"start":{"line":250,"column":88},"end":{"line":252,"column":3}},"line":250},"13":{"name":"(anonymous_13)","decl":{"start":{"line":254,"column":21},"end":{"line":254,"column":22}},"loc":{"start":{"line":254,"column":27},"end":{"line":256,"column":3}},"line":254},"14":{"name":"(anonymous_14)","decl":{"start":{"line":258,"column":16},"end":{"line":258,"column":17}},"loc":{"start":{"line":258,"column":28},"end":{"line":261,"column":3}},"line":258},"15":{"name":"useProvisioningContext","decl":{"start":{"line":283,"column":16},"end":{"line":283,"column":38}},"loc":{"start":{"line":283,"column":41},"end":{"line":289,"column":1}},"line":283}},"branchMap":{"0":{"loc":{"start":{"line":102,"column":2},"end":{"line":167,"column":3}},"type":"switch","locations":[{"start":{"line":103,"column":4},"end":{"line":112,"column":8}},{"start":{"line":113,"column":4},"end":{"line":118,"column":8}},{"start":{"line":119,"column":4},"end":{"line":125,"column":8}},{"start":{"line":126,"column":4},"end":{"line":131,"column":8}},{"start":{"line":132,"column":4},"end":{"line":137,"column":8}},{"start":{"line":138,"column":4},"end":{"line":144,"column":8}},{"start":{"line":145,"column":4},"end":{"line":151,"column":8}},{"start":{"line":152,"column":4},"end":{"line":157,"column":8}},{"start":{"line":158,"column":4},"end":{"line":159,"column":26}},{"start":{"line":160,"column":4},"end":{"line":164,"column":8}},{"start":{"line":165,"column":4},"end":{"line":166,"column":19}}],"line":102},"1":{"loc":{"start":{"line":141,"column":20},"end":{"line":141,"column":65}},"type":"binary-expr","locations":[{"start":{"line":141,"column":20},"end":{"line":141,"column":45}},{"start":{"line":141,"column":49},"end":{"line":141,"column":65}}],"line":141},"2":{"loc":{"start":{"line":142,"column":18},"end":{"line":142,"column":59}},"type":"binary-expr","locations":[{"start":{"line":142,"column":18},"end":{"line":142,"column":41}},{"start":{"line":142,"column":45},"end":{"line":142,"column":59}}],"line":142},"3":{"loc":{"start":{"line":193,"column":4},"end":{"line":195,"column":5}},"type":"if","locations":[{"start":{"line":193,"column":4},"end":{"line":195,"column":5}},{"start":{},"end":{}}],"line":193},"4":{"loc":{"start":{"line":201,"column":6},"end":{"line":203,"column":7}},"type":"if","locations":[{"start":{"line":201,"column":6},"end":{"line":203,"column":7}},{"start":{},"end":{}}],"line":201},"5":{"loc":{"start":{"line":207,"column":6},"end":{"line":210,"column":7}},"type":"if","locations":[{"start":{"line":207,"column":6},"end":{"line":210,"column":7}},{"start":{},"end":{}}],"line":207},"6":{"loc":{"start":{"line":207,"column":10},"end":{"line":207,"column":55}},"type":"binary-expr","locations":[{"start":{"line":207,"column":10},"end":{"line":207,"column":28}},{"start":{"line":207,"column":32},"end":{"line":207,"column":55}}],"line":207},"7":{"loc":{"start":{"line":250,"column":66},"end":{"line":250,"column":83}},"type":"default-arg","locations":[{"start":{"line":250,"column":78},"end":{"line":250,"column":83}}],"line":250},"8":{"loc":{"start":{"line":285,"column":2},"end":{"line":287,"column":3}},"type":"if","locations":[{"start":{"line":285,"column":2},"end":{"line":287,"column":3}},{"start":{},"end":{}}],"line":285}},"s":{"0":1,"1":1,"2":1,"3":35,"4":1,"5":15,"6":3,"7":1,"8":3,"9":0,"10":4,"11":7,"12":1,"13":0,"14":0,"15":1,"16":19,"17":19,"18":9,"19":19,"20":19,"21":9,"22":19,"23":9,"24":9,"25":9,"26":0,"27":9,"28":0,"29":0,"30":0,"31":0,"32":0,"33":9,"34":19,"35":9,"36":9,"37":0,"38":19,"39":1,"40":19,"41":15,"42":19,"43":3,"44":19,"45":1,"46":19,"47":3,"48":19,"49":0,"50":19,"51":4,"52":19,"53":7,"54":19,"55":1,"56":1,"57":19,"58":27,"59":27,"60":2,"61":25},"f":{"0":35,"1":19,"2":9,"3":19,"4":9,"5":9,"6":1,"7":15,"8":3,"9":1,"10":3,"11":0,"12":4,"13":7,"14":1,"15":27},"b":{"0":[1,15,3,1,3,0,4,7,1,0,0],"1":[0,0],"2":[0,0],"3":[9,10],"4":[0,9],"5":[0,0],"6":[0,0],"7":[0],"8":[2,25]},"_coverageSchema":"1a1c01bbd47fc00a2c39e90264f33305004495a9","hash":"5c58a6f9a0b1961826674eb3087a3e1c5caaa29f"}
,"/mnt/fady/git-fedora/Smart-Home-Mobile-App/smartera/context/ThemeContext.tsx": {"path":"/mnt/fady/git-fedora/Smart-Home-Mobile-App/smartera/context/ThemeContext.tsx","statementMap":{"0":{"start":{"line":13,"column":21},"end":{"line":13,"column":75}},"1":{"start":{"line":16,"column":28},"end":{"line":16,"column":44}},"2":{"start":{"line":17,"column":28},"end":{"line":17,"column":77}},"3":{"start":{"line":19,"column":2},"end":{"line":22,"column":9}},"4":{"start":{"line":21,"column":4},"end":{"line":21,"column":26}},"5":{"start":{"line":24,"column":30},"end":{"line":33,"column":3}},"6":{"start":{"line":25,"column":4},"end":{"line":32,"column":5}},"7":{"start":{"line":26,"column":25},"end":{"line":26,"column":60}},"8":{"start":{"line":27,"column":6},"end":{"line":29,"column":7}},"9":{"start":{"line":28,"column":8},"end":{"line":28,"column":42}},"10":{"start":{"line":31,"column":6},"end":{"line":31,"column":62}},"11":{"start":{"line":35,"column":22},"end":{"line":43,"column":3}},"12":{"start":{"line":36,"column":21},"end":{"line":36,"column":57}},"13":{"start":{"line":37,"column":4},"end":{"line":37,"column":23}},"14":{"start":{"line":38,"column":4},"end":{"line":42,"column":5}},"15":{"start":{"line":39,"column":6},"end":{"line":39,"column":52}},"16":{"start":{"line":41,"column":6},"end":{"line":41,"column":61}},"17":{"start":{"line":45,"column":2},"end":{"line":51,"column":4}},"18":{"start":{"line":55,"column":18},"end":{"line":55,"column":42}},"19":{"start":{"line":56,"column":2},"end":{"line":58,"column":3}},"20":{"start":{"line":57,"column":4},"end":{"line":57,"column":68}},"21":{"start":{"line":59,"column":2},"end":{"line":59,"column":17}}},"fnMap":{"0":{"name":"ThemeProvider","decl":{"start":{"line":15,"column":16},"end":{"line":15,"column":29}},"loc":{"start":{"line":15,"column":75},"end":{"line":52,"column":1}},"line":15},"1":{"name":"(anonymous_1)","decl":{"start":{"line":19,"column":12},"end":{"line":19,"column":13}},"loc":{"start":{"line":19,"column":18},"end":{"line":22,"column":3}},"line":19},"2":{"name":"(anonymous_2)","decl":{"start":{"line":24,"column":30},"end":{"line":24,"column":31}},"loc":{"start":{"line":24,"column":42},"end":{"line":33,"column":3}},"line":24},"3":{"name":"(anonymous_3)","decl":{"start":{"line":35,"column":22},"end":{"line":35,"column":23}},"loc":{"start":{"line":35,"column":34},"end":{"line":43,"column":3}},"line":35},"4":{"name":"useTheme","decl":{"start":{"line":54,"column":16},"end":{"line":54,"column":24}},"loc":{"start":{"line":54,"column":27},"end":{"line":60,"column":1}},"line":54}},"branchMap":{"0":{"loc":{"start":{"line":17,"column":48},"end":{"line":17,"column":76}},"type":"binary-expr","locations":[{"start":{"line":17,"column":48},"end":{"line":17,"column":65}},{"start":{"line":17,"column":69},"end":{"line":17,"column":76}}],"line":17},"1":{"loc":{"start":{"line":27,"column":6},"end":{"line":29,"column":7}},"type":"if","locations":[{"start":{"line":27,"column":6},"end":{"line":29,"column":7}},{"start":{},"end":{}}],"line":27},"2":{"loc":{"start":{"line":36,"column":21},"end":{"line":36,"column":57}},"type":"cond-expr","locations":[{"start":{"line":36,"column":41},"end":{"line":36,"column":47}},{"start":{"line":36,"column":50},"end":{"line":36,"column":57}}],"line":36},"3":{"loc":{"start":{"line":56,"column":2},"end":{"line":58,"column":3}},"type":"if","locations":[{"start":{"line":56,"column":2},"end":{"line":58,"column":3}},{"start":{},"end":{}}],"line":56}},"s":{"0":2,"1":16,"2":16,"3":16,"4":12,"5":16,"6":12,"7":12,"8":12,"9":1,"10":0,"11":16,"12":3,"13":3,"14":3,"15":3,"16":0,"17":16,"18":22,"19":22,"20":2,"21":20},"f":{"0":16,"1":12,"2":12,"3":3,"4":22},"b":{"0":[16,0],"1":[1,11],"2":[2,1],"3":[2,20]},"_coverageSchema":"1a1c01bbd47fc00a2c39e90264f33305004495a9","hash":"26d884ed2e7563eb571020068a3c32cff08d397c"}
,"/mnt/fady/git-fedora/Smart-Home-Mobile-App/smartera/hooks/useDeviceData.ts": {"path":"/mnt/fady/git-fedora/Smart-Home-Mobile-App/smartera/hooks/useDeviceData.ts","statementMap":{"0":{"start":{"line":9,"column":20},"end":{"line":9,"column":29}},"1":{"start":{"line":10,"column":32},"end":{"line":10,"column":54}},"2":{"start":{"line":11,"column":32},"end":{"line":11,"column":46}},"3":{"start":{"line":12,"column":28},"end":{"line":12,"column":57}},"4":{"start":{"line":14,"column":28},"end":{"line":14,"column":75}},"5":{"start":{"line":16,"column":22},"end":{"line":30,"column":13}},"6":{"start":{"line":17,"column":4},"end":{"line":17,"column":23}},"7":{"start":{"line":17,"column":16},"end":{"line":17,"column":23}},"8":{"start":{"line":19,"column":4},"end":{"line":29,"column":5}},"9":{"start":{"line":20,"column":6},"end":{"line":20,"column":23}},"10":{"start":{"line":21,"column":6},"end":{"line":21,"column":21}},"11":{"start":{"line":22,"column":25},"end":{"line":22,"column":62}},"12":{"start":{"line":23,"column":6},"end":{"line":23,"column":29}},"13":{"start":{"line":25,"column":6},"end":{"line":25,"column":52}},"14":{"start":{"line":26,"column":6},"end":{"line":26,"column":56}},"15":{"start":{"line":28,"column":6},"end":{"line":28,"column":24}},"16":{"start":{"line":33,"column":2},"end":{"line":35,"column":20}},"17":{"start":{"line":34,"column":4},"end":{"line":34,"column":18}},"18":{"start":{"line":38,"column":2},"end":{"line":97,"column":14}},"19":{"start":{"line":39,"column":4},"end":{"line":39,"column":23}},"20":{"start":{"line":39,"column":16},"end":{"line":39,"column":23}},"21":{"start":{"line":42,"column":4},"end":{"line":44,"column":7}},"22":{"start":{"line":43,"column":6},"end":{"line":43,"column":70}},"23":{"start":{"line":47,"column":30},"end":{"line":63,"column":6}},"24":{"start":{"line":49,"column":26},"end":{"line":50,"column":77}},"25":{"start":{"line":51,"column":25},"end":{"line":51,"column":71}},"26":{"start":{"line":53,"column":6},"end":{"line":62,"column":9}},"27":{"start":{"line":53,"column":25},"end":{"line":62,"column":7}},"28":{"start":{"line":54,"column":8},"end":{"line":61,"column":18}},"29":{"start":{"line":66,"column":33},"end":{"line":91,"column":6}},"30":{"start":{"line":68,"column":26},"end":{"line":69,"column":77}},"31":{"start":{"line":70,"column":25},"end":{"line":70,"column":71}},"32":{"start":{"line":72,"column":6},"end":{"line":90,"column":9}},"33":{"start":{"line":72,"column":25},"end":{"line":90,"column":7}},"34":{"start":{"line":73,"column":8},"end":{"line":89,"column":18}},"35":{"start":{"line":93,"column":4},"end":{"line":96,"column":6}},"36":{"start":{"line":94,"column":6},"end":{"line":94,"column":26}},"37":{"start":{"line":95,"column":6},"end":{"line":95,"column":29}},"38":{"start":{"line":100,"column":2},"end":{"line":110,"column":27}},"39":{"start":{"line":101,"column":4},"end":{"line":101,"column":23}},"40":{"start":{"line":101,"column":16},"end":{"line":101,"column":23}},"41":{"start":{"line":103,"column":21},"end":{"line":107,"column":13}},"42":{"start":{"line":104,"column":6},"end":{"line":106,"column":7}},"43":{"start":{"line":105,"column":8},"end":{"line":105,"column":22}},"44":{"start":{"line":109,"column":4},"end":{"line":109,"column":41}},"45":{"start":{"line":109,"column":17},"end":{"line":109,"column":40}},"46":{"start":{"line":112,"column":24},"end":{"line":167,"column":22}},"47":{"start":{"line":113,"column":4},"end":{"line":113,"column":23}},"48":{"start":{"line":113,"column":16},"end":{"line":113,"column":23}},"49":{"start":{"line":116,"column":19},"end":{"line":116,"column":86}},"50":{"start":{"line":116,"column":37},"end":{"line":116,"column":85}},"51":{"start":{"line":119,"column":26},"end":{"line":119,"column":45}},"52":{"start":{"line":120,"column":4},"end":{"line":124,"column":7}},"53":{"start":{"line":120,"column":23},"end":{"line":124,"column":5}},"54":{"start":{"line":121,"column":6},"end":{"line":123,"column":11}},"55":{"start":{"line":127,"column":16},"end":{"line":127,"column":26}},"56":{"start":{"line":128,"column":4},"end":{"line":128,"column":49}},"57":{"start":{"line":129,"column":4},"end":{"line":132,"column":5}},"58":{"start":{"line":130,"column":6},"end":{"line":130,"column":52}},"59":{"start":{"line":131,"column":6},"end":{"line":131,"column":62}},"60":{"start":{"line":134,"column":4},"end":{"line":166,"column":5}},"61":{"start":{"line":136,"column":6},"end":{"line":136,"column":65}},"62":{"start":{"line":139,"column":6},"end":{"line":148,"column":15}},"63":{"start":{"line":140,"column":27},"end":{"line":140,"column":66}},"64":{"start":{"line":141,"column":8},"end":{"line":147,"column":9}},"65":{"start":{"line":142,"column":10},"end":{"line":142,"column":53}},"66":{"start":{"line":143,"column":10},"end":{"line":146,"column":11}},"67":{"start":{"line":144,"column":12},"end":{"line":144,"column":56}},"68":{"start":{"line":145,"column":12},"end":{"line":145,"column":66}},"69":{"start":{"line":150,"column":6},"end":{"line":150,"column":18}},"70":{"start":{"line":153,"column":6},"end":{"line":157,"column":9}},"71":{"start":{"line":153,"column":25},"end":{"line":157,"column":7}},"72":{"start":{"line":154,"column":8},"end":{"line":156,"column":13}},"73":{"start":{"line":159,"column":6},"end":{"line":159,"column":49}},"74":{"start":{"line":160,"column":6},"end":{"line":163,"column":7}},"75":{"start":{"line":161,"column":8},"end":{"line":161,"column":52}},"76":{"start":{"line":162,"column":8},"end":{"line":162,"column":62}},"77":{"start":{"line":164,"column":6},"end":{"line":164,"column":54}},"78":{"start":{"line":165,"column":6},"end":{"line":165,"column":16}},"79":{"start":{"line":169,"column":20},"end":{"line":180,"column":13}},"80":{"start":{"line":170,"column":4},"end":{"line":170,"column":23}},"81":{"start":{"line":170,"column":16},"end":{"line":170,"column":23}},"82":{"start":{"line":172,"column":4},"end":{"line":179,"column":5}},"83":{"start":{"line":173,"column":24},"end":{"line":173,"column":72}},"84":{"start":{"line":174,"column":6},"end":{"line":174,"column":47}},"85":{"start":{"line":174,"column":25},"end":{"line":174,"column":45}},"86":{"start":{"line":175,"column":6},"end":{"line":175,"column":23}},"87":{"start":{"line":177,"column":6},"end":{"line":177,"column":50}},"88":{"start":{"line":178,"column":6},"end":{"line":178,"column":16}},"89":{"start":{"line":182,"column":23},"end":{"line":193,"column":13}},"90":{"start":{"line":183,"column":4},"end":{"line":183,"column":23}},"91":{"start":{"line":183,"column":16},"end":{"line":183,"column":23}},"92":{"start":{"line":185,"column":4},"end":{"line":192,"column":5}},"93":{"start":{"line":186,"column":6},"end":{"line":186,"column":56}},"94":{"start":{"line":187,"column":6},"end":{"line":187,"column":93}},"95":{"start":{"line":187,"column":25},"end":{"line":187,"column":91}},"96":{"start":{"line":187,"column":42},"end":{"line":187,"column":90}},"97":{"start":{"line":188,"column":6},"end":{"line":188,"column":18}},"98":{"start":{"line":190,"column":6},"end":{"line":190,"column":53}},"99":{"start":{"line":191,"column":6},"end":{"line":191,"column":16}},"100":{"start":{"line":195,"column":23},"end":{"line":213,"column":3}},"101":{"start":{"line":197,"column":6},"end":{"line":197,"column":25}},"102":{"start":{"line":197,"column":18},"end":{"line":197,"column":25}},"103":{"start":{"line":199,"column":6},"end":{"line":210,"column":7}},"104":{"start":{"line":200,"column":30},"end":{"line":200,"column":85}},"105":{"start":{"line":201,"column":8},"end":{"line":205,"column":11}},"106":{"start":{"line":201,"column":27},"end":{"line":205,"column":9}},"107":{"start":{"line":202,"column":10},"end":{"line":204,"column":15}},"108":{"start":{"line":206,"column":8},"end":{"line":206,"column":29}},"109":{"start":{"line":208,"column":8},"end":{"line":208,"column":55}},"110":{"start":{"line":209,"column":8},"end":{"line":209,"column":18}},"111":{"start":{"line":215,"column":2},"end":{"line":224,"column":4}},"112":{"start":{"line":229,"column":20},"end":{"line":229,"column":29}},"113":{"start":{"line":230,"column":28},"end":{"line":230,"column":91}},"114":{"start":{"line":231,"column":32},"end":{"line":231,"column":47}},"115":{"start":{"line":232,"column":34},"end":{"line":232,"column":49}},"116":{"start":{"line":234,"column":20},"end":{"line":247,"column":13}},"117":{"start":{"line":235,"column":4},"end":{"line":235,"column":23}},"118":{"start":{"line":235,"column":16},"end":{"line":235,"column":23}},"119":{"start":{"line":237,"column":4},"end":{"line":246,"column":5}},"120":{"start":{"line":238,"column":6},"end":{"line":238,"column":23}},"121":{"start":{"line":239,"column":23},"end":{"line":239,"column":58}},"122":{"start":{"line":240,"column":6},"end":{"line":240,"column":25}},"123":{"start":{"line":242,"column":6},"end":{"line":242,"column":48}},"124":{"start":{"line":245,"column":6},"end":{"line":245,"column":24}},"125":{"start":{"line":249,"column":21},"end":{"line":260,"column":13}},"126":{"start":{"line":250,"column":4},"end":{"line":250,"column":53}},"127":{"start":{"line":250,"column":16},"end":{"line":250,"column":53}},"128":{"start":{"line":252,"column":4},"end":{"line":259,"column":5}},"129":{"start":{"line":253,"column":6},"end":{"line":253,"column":24}},"130":{"start":{"line":254,"column":22},"end":{"line":254,"column":75}},"131":{"start":{"line":255,"column":6},"end":{"line":255,"column":43}},"132":{"start":{"line":255,"column":23},"end":{"line":255,"column":41}},"133":{"start":{"line":256,"column":6},"end":{"line":256,"column":21}},"134":{"start":{"line":258,"column":6},"end":{"line":258,"column":25}},"135":{"start":{"line":262,"column":2},"end":{"line":264,"column":18}},"136":{"start":{"line":263,"column":4},"end":{"line":263,"column":16}},"137":{"start":{"line":266,"column":2},"end":{"line":266,"column":70}},"138":{"start":{"line":271,"column":20},"end":{"line":271,"column":29}},"139":{"start":{"line":272,"column":30},"end":{"line":272,"column":59}},"140":{"start":{"line":273,"column":36},"end":{"line":273,"column":74}},"141":{"start":{"line":274,"column":32},"end":{"line":274,"column":46}},"142":{"start":{"line":275,"column":28},"end":{"line":275,"column":57}},"143":{"start":{"line":278,"column":21},"end":{"line":298,"column":23}},"144":{"start":{"line":279,"column":4},"end":{"line":279,"column":36}},"145":{"start":{"line":279,"column":29},"end":{"line":279,"column":36}},"146":{"start":{"line":281,"column":4},"end":{"line":297,"column":5}},"147":{"start":{"line":282,"column":6},"end":{"line":282,"column":23}},"148":{"start":{"line":283,"column":6},"end":{"line":283,"column":21}},"149":{"start":{"line":285,"column":44},"end":{"line":288,"column":8}},"150":{"start":{"line":290,"column":6},"end":{"line":290,"column":28}},"151":{"start":{"line":291,"column":6},"end":{"line":291,"column":36}},"152":{"start":{"line":293,"column":6},"end":{"line":293,"column":51}},"153":{"start":{"line":294,"column":6},"end":{"line":294,"column":55}},"154":{"start":{"line":296,"column":6},"end":{"line":296,"column":24}},"155":{"start":{"line":301,"column":2},"end":{"line":303,"column":19}},"156":{"start":{"line":302,"column":4},"end":{"line":302,"column":17}},"157":{"start":{"line":306,"column":2},"end":{"line":337,"column":24}},"158":{"start":{"line":307,"column":4},"end":{"line":307,"column":36}},"159":{"start":{"line":307,"column":29},"end":{"line":307,"column":36}},"160":{"start":{"line":310,"column":4},"end":{"line":310,"column":56}},"161":{"start":{"line":313,"column":33},"end":{"line":324,"column":6}},"162":{"start":{"line":314,"column":6},"end":{"line":323,"column":7}},"163":{"start":{"line":315,"column":8},"end":{"line":322,"column":30}},"164":{"start":{"line":327,"column":30},"end":{"line":331,"column":6}},"165":{"start":{"line":328,"column":6},"end":{"line":330,"column":7}},"166":{"start":{"line":329,"column":8},"end":{"line":329,"column":113}},"167":{"start":{"line":329,"column":26},"end":{"line":329,"column":111}},"168":{"start":{"line":333,"column":4},"end":{"line":336,"column":6}},"169":{"start":{"line":334,"column":6},"end":{"line":334,"column":29}},"170":{"start":{"line":335,"column":6},"end":{"line":335,"column":26}},"171":{"start":{"line":340,"column":2},"end":{"line":357,"column":24}},"172":{"start":{"line":341,"column":4},"end":{"line":341,"column":36}},"173":{"start":{"line":341,"column":29},"end":{"line":341,"column":36}},"174":{"start":{"line":343,"column":21},"end":{"line":354,"column":12}},"175":{"start":{"line":344,"column":6},"end":{"line":353,"column":7}},"176":{"start":{"line":345,"column":8},"end":{"line":352,"column":9}},"177":{"start":{"line":346,"column":34},"end":{"line":346,"column":89}},"178":{"start":{"line":347,"column":10},"end":{"line":349,"column":11}},"179":{"start":{"line":348,"column":12},"end":{"line":348,"column":42}},"180":{"start":{"line":351,"column":10},"end":{"line":351,"column":56}},"181":{"start":{"line":356,"column":4},"end":{"line":356,"column":41}},"182":{"start":{"line":356,"column":17},"end":{"line":356,"column":40}},"183":{"start":{"line":359,"column":18},"end":{"line":370,"column":23}},"184":{"start":{"line":360,"column":4},"end":{"line":360,"column":36}},"185":{"start":{"line":360,"column":29},"end":{"line":360,"column":36}},"186":{"start":{"line":362,"column":4},"end":{"line":369,"column":5}},"187":{"start":{"line":363,"column":6},"end":{"line":363,"column":65}},"188":{"start":{"line":364,"column":6},"end":{"line":364,"column":84}},"189":{"start":{"line":364,"column":24},"end":{"line":364,"column":82}},"190":{"start":{"line":365,"column":6},"end":{"line":365,"column":18}},"191":{"start":{"line":367,"column":6},"end":{"line":367,"column":54}},"192":{"start":{"line":368,"column":6},"end":{"line":368,"column":16}},"193":{"start":{"line":372,"column":2},"end":{"line":379,"column":4}},"194":{"start":{"line":396,"column":20},"end":{"line":396,"column":29}},"195":{"start":{"line":397,"column":28},"end":{"line":397,"column":66}},"196":{"start":{"line":398,"column":38},"end":{"line":401,"column":4}},"197":{"start":{"line":402,"column":36},"end":{"line":402,"column":73}},"198":{"start":{"line":403,"column":40},"end":{"line":406,"column":4}},"199":{"start":{"line":407,"column":32},"end":{"line":407,"column":46}},"200":{"start":{"line":408,"column":28},"end":{"line":408,"column":57}},"201":{"start":{"line":410,"column":25},"end":{"line":433,"column":13}},"202":{"start":{"line":411,"column":4},"end":{"line":411,"column":23}},"203":{"start":{"line":411,"column":16},"end":{"line":411,"column":23}},"204":{"start":{"line":413,"column":4},"end":{"line":432,"column":5}},"205":{"start":{"line":414,"column":6},"end":{"line":414,"column":23}},"206":{"start":{"line":415,"column":6},"end":{"line":415,"column":21}},"207":{"start":{"line":417,"column":35},"end":{"line":420,"column":8}},"208":{"start":{"line":422,"column":6},"end":{"line":422,"column":27}},"209":{"start":{"line":423,"column":6},"end":{"line":426,"column":9}},"210":{"start":{"line":425,"column":77},"end":{"line":425,"column":85}},"211":{"start":{"line":428,"column":6},"end":{"line":428,"column":56}},"212":{"start":{"line":429,"column":6},"end":{"line":429,"column":60}},"213":{"start":{"line":431,"column":6},"end":{"line":431,"column":24}},"214":{"start":{"line":435,"column":24},"end":{"line":443,"column":13}},"215":{"start":{"line":436,"column":4},"end":{"line":436,"column":23}},"216":{"start":{"line":436,"column":16},"end":{"line":436,"column":23}},"217":{"start":{"line":437,"column":4},"end":{"line":442,"column":5}},"218":{"start":{"line":438,"column":20},"end":{"line":438,"column":65}},"219":{"start":{"line":439,"column":6},"end":{"line":439,"column":26}},"220":{"start":{"line":441,"column":6},"end":{"line":441,"column":61}},"221":{"start":{"line":445,"column":26},"end":{"line":464,"column":13}},"222":{"start":{"line":446,"column":4},"end":{"line":446,"column":23}},"223":{"start":{"line":446,"column":16},"end":{"line":446,"column":23}},"224":{"start":{"line":447,"column":4},"end":{"line":463,"column":5}},"225":{"start":{"line":448,"column":22},"end":{"line":448,"column":68}},"226":{"start":{"line":449,"column":24},"end":{"line":449,"column":66}},"227":{"start":{"line":450,"column":20},"end":{"line":450,"column":58}},"228":{"start":{"line":450,"column":49},"end":{"line":450,"column":57}},"229":{"start":{"line":451,"column":25},"end":{"line":451,"column":65}},"230":{"start":{"line":452,"column":23},"end":{"line":459,"column":22}},"231":{"start":{"line":454,"column":63},"end":{"line":454,"column":68}},"232":{"start":{"line":455,"column":63},"end":{"line":455,"column":68}},"233":{"start":{"line":456,"column":63},"end":{"line":456,"column":68}},"234":{"start":{"line":460,"column":6},"end":{"line":460,"column":61}},"235":{"start":{"line":462,"column":6},"end":{"line":462,"column":63}},"236":{"start":{"line":467,"column":2},"end":{"line":469,"column":23}},"237":{"start":{"line":468,"column":4},"end":{"line":468,"column":21}},"238":{"start":{"line":472,"column":2},"end":{"line":489,"column":30}},"239":{"start":{"line":473,"column":4},"end":{"line":473,"column":23}},"240":{"start":{"line":473,"column":16},"end":{"line":473,"column":23}},"241":{"start":{"line":475,"column":4},"end":{"line":475,"column":56}},"242":{"start":{"line":478,"column":24},"end":{"line":483,"column":6}},"243":{"start":{"line":479,"column":6},"end":{"line":479,"column":35}},"244":{"start":{"line":480,"column":6},"end":{"line":482,"column":15}},"245":{"start":{"line":481,"column":8},"end":{"line":481,"column":25}},"246":{"start":{"line":485,"column":4},"end":{"line":488,"column":6}},"247":{"start":{"line":486,"column":6},"end":{"line":486,"column":20}},"248":{"start":{"line":487,"column":6},"end":{"line":487,"column":35}},"249":{"start":{"line":492,"column":2},"end":{"line":497,"column":30}},"250":{"start":{"line":493,"column":4},"end":{"line":493,"column":23}},"251":{"start":{"line":493,"column":16},"end":{"line":493,"column":23}},"252":{"start":{"line":495,"column":21},"end":{"line":495,"column":55}},"253":{"start":{"line":496,"column":4},"end":{"line":496,"column":41}},"254":{"start":{"line":496,"column":17},"end":{"line":496,"column":40}},"255":{"start":{"line":499,"column":2},"end":{"line":509,"column":4}},"256":{"start":{"line":514,"column":20},"end":{"line":514,"column":29}},"257":{"start":{"line":515,"column":40},"end":{"line":515,"column":55}},"258":{"start":{"line":517,"column":2},"end":{"line":537,"column":14}},"259":{"start":{"line":518,"column":4},"end":{"line":521,"column":5}},"260":{"start":{"line":519,"column":6},"end":{"line":519,"column":28}},"261":{"start":{"line":520,"column":6},"end":{"line":520,"column":13}},"262":{"start":{"line":524,"column":4},"end":{"line":524,"column":56}},"263":{"start":{"line":527,"column":24},"end":{"line":529,"column":6}},"264":{"start":{"line":528,"column":6},"end":{"line":528,"column":37}},"265":{"start":{"line":532,"column":4},"end":{"line":532,"column":50}},"266":{"start":{"line":534,"column":4},"end":{"line":536,"column":6}},"267":{"start":{"line":535,"column":6},"end":{"line":535,"column":20}},"268":{"start":{"line":539,"column":2},"end":{"line":539,"column":25}}},"fnMap":{"0":{"name":"useDevices","decl":{"start":{"line":8,"column":16},"end":{"line":8,"column":26}},"loc":{"start":{"line":8,"column":29},"end":{"line":225,"column":1}},"line":8},"1":{"name":"(anonymous_1)","decl":{"start":{"line":16,"column":34},"end":{"line":16,"column":35}},"loc":{"start":{"line":16,"column":46},"end":{"line":30,"column":3}},"line":16},"2":{"name":"(anonymous_2)","decl":{"start":{"line":33,"column":12},"end":{"line":33,"column":13}},"loc":{"start":{"line":33,"column":18},"end":{"line":35,"column":3}},"line":33},"3":{"name":"(anonymous_3)","decl":{"start":{"line":38,"column":12},"end":{"line":38,"column":13}},"loc":{"start":{"line":38,"column":18},"end":{"line":97,"column":3}},"line":38},"4":{"name":"(anonymous_4)","decl":{"start":{"line":42,"column":41},"end":{"line":42,"column":42}},"loc":{"start":{"line":42,"column":48},"end":{"line":44,"column":5}},"line":42},"5":{"name":"(anonymous_5)","decl":{"start":{"line":47,"column":73},"end":{"line":47,"column":74}},"loc":{"start":{"line":47,"column":86},"end":{"line":63,"column":5}},"line":47},"6":{"name":"(anonymous_6)","decl":{"start":{"line":53,"column":17},"end":{"line":53,"column":18}},"loc":{"start":{"line":53,"column":25},"end":{"line":62,"column":7}},"line":53},"7":{"name":"(anonymous_7)","decl":{"start":{"line":53,"column":34},"end":{"line":53,"column":35}},"loc":{"start":{"line":54,"column":8},"end":{"line":61,"column":18}},"line":54},"8":{"name":"(anonymous_8)","decl":{"start":{"line":66,"column":72},"end":{"line":66,"column":73}},"loc":{"start":{"line":66,"column":85},"end":{"line":91,"column":5}},"line":66},"9":{"name":"(anonymous_9)","decl":{"start":{"line":72,"column":17},"end":{"line":72,"column":18}},"loc":{"start":{"line":72,"column":25},"end":{"line":90,"column":7}},"line":72},"10":{"name":"(anonymous_10)","decl":{"start":{"line":72,"column":34},"end":{"line":72,"column":35}},"loc":{"start":{"line":73,"column":8},"end":{"line":89,"column":18}},"line":73},"11":{"name":"(anonymous_11)","decl":{"start":{"line":93,"column":11},"end":{"line":93,"column":12}},"loc":{"start":{"line":93,"column":17},"end":{"line":96,"column":5}},"line":93},"12":{"name":"(anonymous_12)","decl":{"start":{"line":100,"column":12},"end":{"line":100,"column":13}},"loc":{"start":{"line":100,"column":18},"end":{"line":110,"column":3}},"line":100},"13":{"name":"(anonymous_13)","decl":{"start":{"line":103,"column":33},"end":{"line":103,"column":34}},"loc":{"start":{"line":103,"column":39},"end":{"line":107,"column":5}},"line":103},"14":{"name":"(anonymous_14)","decl":{"start":{"line":109,"column":11},"end":{"line":109,"column":12}},"loc":{"start":{"line":109,"column":17},"end":{"line":109,"column":40}},"line":109},"15":{"name":"(anonymous_15)","decl":{"start":{"line":112,"column":36},"end":{"line":112,"column":37}},"loc":{"start":{"line":112,"column":103},"end":{"line":167,"column":3}},"line":112},"16":{"name":"(anonymous_16)","decl":{"start":{"line":116,"column":32},"end":{"line":116,"column":33}},"loc":{"start":{"line":116,"column":37},"end":{"line":116,"column":85}},"line":116},"17":{"name":"(anonymous_17)","decl":{"start":{"line":120,"column":15},"end":{"line":120,"column":16}},"loc":{"start":{"line":120,"column":23},"end":{"line":124,"column":5}},"line":120},"18":{"name":"(anonymous_18)","decl":{"start":{"line":120,"column":32},"end":{"line":120,"column":33}},"loc":{"start":{"line":121,"column":6},"end":{"line":123,"column":11}},"line":121},"19":{"name":"(anonymous_19)","decl":{"start":{"line":139,"column":17},"end":{"line":139,"column":18}},"loc":{"start":{"line":139,"column":23},"end":{"line":148,"column":7}},"line":139},"20":{"name":"(anonymous_20)","decl":{"start":{"line":153,"column":17},"end":{"line":153,"column":18}},"loc":{"start":{"line":153,"column":25},"end":{"line":157,"column":7}},"line":153},"21":{"name":"(anonymous_21)","decl":{"start":{"line":153,"column":34},"end":{"line":153,"column":35}},"loc":{"start":{"line":154,"column":8},"end":{"line":156,"column":13}},"line":154},"22":{"name":"(anonymous_22)","decl":{"start":{"line":169,"column":32},"end":{"line":169,"column":33}},"loc":{"start":{"line":169,"column":125},"end":{"line":180,"column":3}},"line":169},"23":{"name":"(anonymous_23)","decl":{"start":{"line":174,"column":17},"end":{"line":174,"column":18}},"loc":{"start":{"line":174,"column":25},"end":{"line":174,"column":45}},"line":174},"24":{"name":"(anonymous_24)","decl":{"start":{"line":182,"column":35},"end":{"line":182,"column":36}},"loc":{"start":{"line":182,"column":72},"end":{"line":193,"column":3}},"line":182},"25":{"name":"(anonymous_25)","decl":{"start":{"line":187,"column":17},"end":{"line":187,"column":18}},"loc":{"start":{"line":187,"column":25},"end":{"line":187,"column":91}},"line":187},"26":{"name":"(anonymous_26)","decl":{"start":{"line":187,"column":37},"end":{"line":187,"column":38}},"loc":{"start":{"line":187,"column":42},"end":{"line":187,"column":90}},"line":187},"27":{"name":"(anonymous_27)","decl":{"start":{"line":196,"column":4},"end":{"line":196,"column":5}},"loc":{"start":{"line":196,"column":90},"end":{"line":211,"column":5}},"line":196},"28":{"name":"(anonymous_28)","decl":{"start":{"line":201,"column":19},"end":{"line":201,"column":20}},"loc":{"start":{"line":201,"column":27},"end":{"line":205,"column":9}},"line":201},"29":{"name":"(anonymous_29)","decl":{"start":{"line":201,"column":36},"end":{"line":201,"column":37}},"loc":{"start":{"line":202,"column":10},"end":{"line":204,"column":15}},"line":202},"30":{"name":"useRooms","decl":{"start":{"line":228,"column":16},"end":{"line":228,"column":24}},"loc":{"start":{"line":228,"column":27},"end":{"line":267,"column":1}},"line":228},"31":{"name":"(anonymous_31)","decl":{"start":{"line":234,"column":32},"end":{"line":234,"column":33}},"loc":{"start":{"line":234,"column":44},"end":{"line":247,"column":3}},"line":234},"32":{"name":"(anonymous_32)","decl":{"start":{"line":249,"column":33},"end":{"line":249,"column":34}},"loc":{"start":{"line":249,"column":72},"end":{"line":260,"column":3}},"line":249},"33":{"name":"(anonymous_33)","decl":{"start":{"line":255,"column":15},"end":{"line":255,"column":16}},"loc":{"start":{"line":255,"column":23},"end":{"line":255,"column":41}},"line":255},"34":{"name":"(anonymous_34)","decl":{"start":{"line":262,"column":12},"end":{"line":262,"column":13}},"loc":{"start":{"line":262,"column":18},"end":{"line":264,"column":3}},"line":262},"35":{"name":"useDevice","decl":{"start":{"line":270,"column":16},"end":{"line":270,"column":25}},"loc":{"start":{"line":270,"column":53},"end":{"line":380,"column":1}},"line":270},"36":{"name":"(anonymous_36)","decl":{"start":{"line":278,"column":33},"end":{"line":278,"column":34}},"loc":{"start":{"line":278,"column":45},"end":{"line":298,"column":3}},"line":278},"37":{"name":"(anonymous_37)","decl":{"start":{"line":301,"column":12},"end":{"line":301,"column":13}},"loc":{"start":{"line":301,"column":18},"end":{"line":303,"column":3}},"line":301},"38":{"name":"(anonymous_38)","decl":{"start":{"line":306,"column":12},"end":{"line":306,"column":13}},"loc":{"start":{"line":306,"column":18},"end":{"line":337,"column":3}},"line":306},"39":{"name":"(anonymous_39)","decl":{"start":{"line":313,"column":72},"end":{"line":313,"column":73}},"loc":{"start":{"line":313,"column":85},"end":{"line":324,"column":5}},"line":313},"40":{"name":"(anonymous_40)","decl":{"start":{"line":327,"column":73},"end":{"line":327,"column":74}},"loc":{"start":{"line":327,"column":86},"end":{"line":331,"column":5}},"line":327},"41":{"name":"(anonymous_41)","decl":{"start":{"line":329,"column":18},"end":{"line":329,"column":19}},"loc":{"start":{"line":329,"column":26},"end":{"line":329,"column":111}},"line":329},"42":{"name":"(anonymous_42)","decl":{"start":{"line":333,"column":11},"end":{"line":333,"column":12}},"loc":{"start":{"line":333,"column":17},"end":{"line":336,"column":5}},"line":333},"43":{"name":"(anonymous_43)","decl":{"start":{"line":340,"column":12},"end":{"line":340,"column":13}},"loc":{"start":{"line":340,"column":18},"end":{"line":357,"column":3}},"line":340},"44":{"name":"(anonymous_44)","decl":{"start":{"line":343,"column":33},"end":{"line":343,"column":34}},"loc":{"start":{"line":343,"column":45},"end":{"line":354,"column":5}},"line":343},"45":{"name":"(anonymous_45)","decl":{"start":{"line":356,"column":11},"end":{"line":356,"column":12}},"loc":{"start":{"line":356,"column":17},"end":{"line":356,"column":40}},"line":356},"46":{"name":"(anonymous_46)","decl":{"start":{"line":359,"column":30},"end":{"line":359,"column":31}},"loc":{"start":{"line":359,"column":70},"end":{"line":370,"column":3}},"line":359},"47":{"name":"(anonymous_47)","decl":{"start":{"line":364,"column":16},"end":{"line":364,"column":17}},"loc":{"start":{"line":364,"column":24},"end":{"line":364,"column":82}},"line":364},"48":{"name":"usePowerUsage","decl":{"start":{"line":395,"column":16},"end":{"line":395,"column":29}},"loc":{"start":{"line":395,"column":32},"end":{"line":510,"column":1}},"line":395},"49":{"name":"(anonymous_49)","decl":{"start":{"line":410,"column":37},"end":{"line":410,"column":38}},"loc":{"start":{"line":410,"column":49},"end":{"line":433,"column":3}},"line":410},"50":{"name":"(anonymous_50)","decl":{"start":{"line":425,"column":62},"end":{"line":425,"column":63}},"loc":{"start":{"line":425,"column":77},"end":{"line":425,"column":85}},"line":425},"51":{"name":"(anonymous_51)","decl":{"start":{"line":435,"column":36},"end":{"line":435,"column":37}},"loc":{"start":{"line":435,"column":48},"end":{"line":443,"column":3}},"line":435},"52":{"name":"(anonymous_52)","decl":{"start":{"line":445,"column":38},"end":{"line":445,"column":39}},"loc":{"start":{"line":445,"column":50},"end":{"line":464,"column":3}},"line":445},"53":{"name":"(anonymous_53)","decl":{"start":{"line":450,"column":34},"end":{"line":450,"column":35}},"loc":{"start":{"line":450,"column":49},"end":{"line":450,"column":57}},"line":450},"54":{"name":"(anonymous_54)","decl":{"start":{"line":454,"column":37},"end":{"line":454,"column":38}},"loc":{"start":{"line":454,"column":63},"end":{"line":454,"column":68}},"line":454},"55":{"name":"(anonymous_55)","decl":{"start":{"line":455,"column":37},"end":{"line":455,"column":38}},"loc":{"start":{"line":455,"column":63},"end":{"line":455,"column":68}},"line":455},"56":{"name":"(anonymous_56)","decl":{"start":{"line":456,"column":37},"end":{"line":456,"column":38}},"loc":{"start":{"line":456,"column":63},"end":{"line":456,"column":68}},"line":456},"57":{"name":"(anonymous_57)","decl":{"start":{"line":467,"column":12},"end":{"line":467,"column":13}},"loc":{"start":{"line":467,"column":18},"end":{"line":469,"column":3}},"line":467},"58":{"name":"(anonymous_58)","decl":{"start":{"line":472,"column":12},"end":{"line":472,"column":13}},"loc":{"start":{"line":472,"column":18},"end":{"line":489,"column":3}},"line":472},"59":{"name":"(anonymous_59)","decl":{"start":{"line":478,"column":63},"end":{"line":478,"column":64}},"loc":{"start":{"line":478,"column":69},"end":{"line":483,"column":5}},"line":478},"60":{"name":"(anonymous_60)","decl":{"start":{"line":480,"column":34},"end":{"line":480,"column":35}},"loc":{"start":{"line":480,"column":40},"end":{"line":482,"column":7}},"line":480},"61":{"name":"(anonymous_61)","decl":{"start":{"line":485,"column":11},"end":{"line":485,"column":12}},"loc":{"start":{"line":485,"column":17},"end":{"line":488,"column":5}},"line":485},"62":{"name":"(anonymous_62)","decl":{"start":{"line":492,"column":12},"end":{"line":492,"column":13}},"loc":{"start":{"line":492,"column":18},"end":{"line":497,"column":3}},"line":492},"63":{"name":"(anonymous_63)","decl":{"start":{"line":496,"column":11},"end":{"line":496,"column":12}},"loc":{"start":{"line":496,"column":17},"end":{"line":496,"column":40}},"line":496},"64":{"name":"useRealtimeConnection","decl":{"start":{"line":513,"column":16},"end":{"line":513,"column":37}},"loc":{"start":{"line":513,"column":40},"end":{"line":540,"column":1}},"line":513},"65":{"name":"(anonymous_65)","decl":{"start":{"line":517,"column":12},"end":{"line":517,"column":13}},"loc":{"start":{"line":517,"column":18},"end":{"line":537,"column":3}},"line":517},"66":{"name":"(anonymous_66)","decl":{"start":{"line":527,"column":64},"end":{"line":527,"column":65}},"loc":{"start":{"line":527,"column":74},"end":{"line":529,"column":5}},"line":527},"67":{"name":"(anonymous_67)","decl":{"start":{"line":534,"column":11},"end":{"line":534,"column":12}},"loc":{"start":{"line":534,"column":17},"end":{"line":536,"column":5}},"line":534}},"branchMap":{"0":{"loc":{"start":{"line":17,"column":4},"end":{"line":17,"column":23}},"type":"if","locations":[{"start":{"line":17,"column":4},"end":{"line":17,"column":23}},{"start":{},"end":{}}],"line":17},"1":{"loc":{"start":{"line":26,"column":15},"end":{"line":26,"column":54}},"type":"binary-expr","locations":[{"start":{"line":26,"column":15},"end":{"line":26,"column":26}},{"start":{"line":26,"column":30},"end":{"line":26,"column":54}}],"line":26},"2":{"loc":{"start":{"line":39,"column":4},"end":{"line":39,"column":23}},"type":"if","locations":[{"start":{"line":39,"column":4},"end":{"line":39,"column":23}},{"start":{},"end":{}}],"line":39},"3":{"loc":{"start":{"line":49,"column":26},"end":{"line":50,"column":77}},"type":"binary-expr","locations":[{"start":{"line":49,"column":26},"end":{"line":49,"column":73}},{"start":{"line":50,"column":26},"end":{"line":50,"column":77}}],"line":49},"4":{"loc":{"start":{"line":51,"column":25},"end":{"line":51,"column":71}},"type":"binary-expr","locations":[{"start":{"line":51,"column":25},"end":{"line":51,"column":36}},{"start":{"line":51,"column":40},"end":{"line":51,"column":71}}],"line":51},"5":{"loc":{"start":{"line":54,"column":8},"end":{"line":61,"column":18}},"type":"cond-expr","locations":[{"start":{"line":55,"column":12},"end":{"line":60,"column":13}},{"start":{"line":61,"column":12},"end":{"line":61,"column":18}}],"line":54},"6":{"loc":{"start":{"line":54,"column":9},"end":{"line":54,"column":87}},"type":"binary-expr","locations":[{"start":{"line":54,"column":9},"end":{"line":54,"column":39}},{"start":{"line":54,"column":43},"end":{"line":54,"column":87}}],"line":54},"7":{"loc":{"start":{"line":59,"column":26},"end":{"line":59,"column":100}},"type":"cond-expr","locations":[{"start":{"line":59,"column":39},"end":{"line":59,"column":56}},{"start":{"line":59,"column":60},"end":{"line":59,"column":99}}],"line":59},"8":{"loc":{"start":{"line":59,"column":60},"end":{"line":59,"column":99}},"type":"binary-expr","locations":[{"start":{"line":59,"column":60},"end":{"line":59,"column":78}},{"start":{"line":59,"column":82},"end":{"line":59,"column":99}}],"line":59},"9":{"loc":{"start":{"line":68,"column":26},"end":{"line":69,"column":77}},"type":"binary-expr","locations":[{"start":{"line":68,"column":26},"end":{"line":68,"column":73}},{"start":{"line":69,"column":26},"end":{"line":69,"column":77}}],"line":68},"10":{"loc":{"start":{"line":70,"column":25},"end":{"line":70,"column":71}},"type":"binary-expr","locations":[{"start":{"line":70,"column":25},"end":{"line":70,"column":36}},{"start":{"line":70,"column":40},"end":{"line":70,"column":71}}],"line":70},"11":{"loc":{"start":{"line":73,"column":8},"end":{"line":89,"column":18}},"type":"cond-expr","locations":[{"start":{"line":74,"column":12},"end":{"line":88,"column":13}},{"start":{"line":89,"column":12},"end":{"line":89,"column":18}}],"line":73},"12":{"loc":{"start":{"line":73,"column":9},"end":{"line":73,"column":87}},"type":"binary-expr","locations":[{"start":{"line":73,"column":9},"end":{"line":73,"column":39}},{"start":{"line":73,"column":43},"end":{"line":73,"column":87}}],"line":73},"13":{"loc":{"start":{"line":81,"column":29},"end":{"line":81,"column":66}},"type":"binary-expr","locations":[{"start":{"line":81,"column":29},"end":{"line":81,"column":48}},{"start":{"line":81,"column":52},"end":{"line":81,"column":66}}],"line":81},"14":{"loc":{"start":{"line":85,"column":26},"end":{"line":87,"column":83}},"type":"cond-expr","locations":[{"start":{"line":86,"column":18},"end":{"line":86,"column":35}},{"start":{"line":87,"column":19},"end":{"line":87,"column":82}}],"line":85},"15":{"loc":{"start":{"line":87,"column":19},"end":{"line":87,"column":82}},"type":"cond-expr","locations":[{"start":{"line":87,"column":49},"end":{"line":87,"column":62}},{"start":{"line":87,"column":65},"end":{"line":87,"column":82}}],"line":87},"16":{"loc":{"start":{"line":101,"column":4},"end":{"line":101,"column":23}},"type":"if","locations":[{"start":{"line":101,"column":4},"end":{"line":101,"column":23}},{"start":{},"end":{}}],"line":101},"17":{"loc":{"start":{"line":104,"column":6},"end":{"line":106,"column":7}},"type":"if","locations":[{"start":{"line":104,"column":6},"end":{"line":106,"column":7}},{"start":{},"end":{}}],"line":104},"18":{"loc":{"start":{"line":113,"column":4},"end":{"line":113,"column":23}},"type":"if","locations":[{"start":{"line":113,"column":4},"end":{"line":113,"column":23}},{"start":{},"end":{}}],"line":113},"19":{"loc":{"start":{"line":116,"column":37},"end":{"line":116,"column":85}},"type":"binary-expr","locations":[{"start":{"line":116,"column":37},"end":{"line":116,"column":54}},{"start":{"line":116,"column":58},"end":{"line":116,"column":85}}],"line":116},"20":{"loc":{"start":{"line":121,"column":6},"end":{"line":123,"column":11}},"type":"cond-expr","locations":[{"start":{"line":122,"column":10},"end":{"line":122,"column":45}},{"start":{"line":123,"column":10},"end":{"line":123,"column":11}}],"line":121},"21":{"loc":{"start":{"line":121,"column":7},"end":{"line":121,"column":55}},"type":"binary-expr","locations":[{"start":{"line":121,"column":7},"end":{"line":121,"column":24}},{"start":{"line":121,"column":28},"end":{"line":121,"column":55}}],"line":121},"22":{"loc":{"start":{"line":129,"column":4},"end":{"line":132,"column":5}},"type":"if","locations":[{"start":{"line":129,"column":4},"end":{"line":132,"column":5}},{"start":{},"end":{}}],"line":129},"23":{"loc":{"start":{"line":141,"column":8},"end":{"line":147,"column":9}},"type":"if","locations":[{"start":{"line":141,"column":8},"end":{"line":147,"column":9}},{"start":{},"end":{}}],"line":141},"24":{"loc":{"start":{"line":143,"column":10},"end":{"line":146,"column":11}},"type":"if","locations":[{"start":{"line":143,"column":10},"end":{"line":146,"column":11}},{"start":{},"end":{}}],"line":143},"25":{"loc":{"start":{"line":154,"column":8},"end":{"line":156,"column":13}},"type":"cond-expr","locations":[{"start":{"line":155,"column":12},"end":{"line":155,"column":48}},{"start":{"line":156,"column":12},"end":{"line":156,"column":13}}],"line":154},"26":{"loc":{"start":{"line":154,"column":9},"end":{"line":154,"column":57}},"type":"binary-expr","locations":[{"start":{"line":154,"column":9},"end":{"line":154,"column":26}},{"start":{"line":154,"column":30},"end":{"line":154,"column":57}}],"line":154},"27":{"loc":{"start":{"line":160,"column":6},"end":{"line":163,"column":7}},"type":"if","locations":[{"start":{"line":160,"column":6},"end":{"line":163,"column":7}},{"start":{},"end":{}}],"line":160},"28":{"loc":{"start":{"line":170,"column":4},"end":{"line":170,"column":23}},"type":"if","locations":[{"start":{"line":170,"column":4},"end":{"line":170,"column":23}},{"start":{},"end":{}}],"line":170},"29":{"loc":{"start":{"line":183,"column":4},"end":{"line":183,"column":23}},"type":"if","locations":[{"start":{"line":183,"column":4},"end":{"line":183,"column":23}},{"start":{},"end":{}}],"line":183},"30":{"loc":{"start":{"line":187,"column":42},"end":{"line":187,"column":90}},"type":"binary-expr","locations":[{"start":{"line":187,"column":42},"end":{"line":187,"column":59}},{"start":{"line":187,"column":63},"end":{"line":187,"column":90}}],"line":187},"31":{"loc":{"start":{"line":197,"column":6},"end":{"line":197,"column":25}},"type":"if","locations":[{"start":{"line":197,"column":6},"end":{"line":197,"column":25}},{"start":{},"end":{}}],"line":197},"32":{"loc":{"start":{"line":202,"column":10},"end":{"line":204,"column":15}},"type":"cond-expr","locations":[{"start":{"line":203,"column":14},"end":{"line":203,"column":40}},{"start":{"line":204,"column":14},"end":{"line":204,"column":15}}],"line":202},"33":{"loc":{"start":{"line":202,"column":11},"end":{"line":202,"column":59}},"type":"binary-expr","locations":[{"start":{"line":202,"column":11},"end":{"line":202,"column":28}},{"start":{"line":202,"column":32},"end":{"line":202,"column":59}}],"line":202},"34":{"loc":{"start":{"line":235,"column":4},"end":{"line":235,"column":23}},"type":"if","locations":[{"start":{"line":235,"column":4},"end":{"line":235,"column":23}},{"start":{},"end":{}}],"line":235},"35":{"loc":{"start":{"line":250,"column":4},"end":{"line":250,"column":53}},"type":"if","locations":[{"start":{"line":250,"column":4},"end":{"line":250,"column":53}},{"start":{},"end":{}}],"line":250},"36":{"loc":{"start":{"line":279,"column":4},"end":{"line":279,"column":36}},"type":"if","locations":[{"start":{"line":279,"column":4},"end":{"line":279,"column":36}},{"start":{},"end":{}}],"line":279},"37":{"loc":{"start":{"line":279,"column":8},"end":{"line":279,"column":27}},"type":"binary-expr","locations":[{"start":{"line":279,"column":8},"end":{"line":279,"column":14}},{"start":{"line":279,"column":18},"end":{"line":279,"column":27}}],"line":279},"38":{"loc":{"start":{"line":294,"column":15},"end":{"line":294,"column":53}},"type":"binary-expr","locations":[{"start":{"line":294,"column":15},"end":{"line":294,"column":26}},{"start":{"line":294,"column":30},"end":{"line":294,"column":53}}],"line":294},"39":{"loc":{"start":{"line":307,"column":4},"end":{"line":307,"column":36}},"type":"if","locations":[{"start":{"line":307,"column":4},"end":{"line":307,"column":36}},{"start":{},"end":{}}],"line":307},"40":{"loc":{"start":{"line":307,"column":8},"end":{"line":307,"column":27}},"type":"binary-expr","locations":[{"start":{"line":307,"column":8},"end":{"line":307,"column":14}},{"start":{"line":307,"column":18},"end":{"line":307,"column":27}}],"line":307},"41":{"loc":{"start":{"line":314,"column":6},"end":{"line":323,"column":7}},"type":"if","locations":[{"start":{"line":314,"column":6},"end":{"line":323,"column":7}},{"start":{},"end":{}}],"line":314},"42":{"loc":{"start":{"line":314,"column":10},"end":{"line":314,"column":76}},"type":"binary-expr","locations":[{"start":{"line":314,"column":10},"end":{"line":314,"column":39}},{"start":{"line":314,"column":43},"end":{"line":314,"column":76}}],"line":314},"43":{"loc":{"start":{"line":320,"column":23},"end":{"line":320,"column":60}},"type":"binary-expr","locations":[{"start":{"line":320,"column":23},"end":{"line":320,"column":42}},{"start":{"line":320,"column":46},"end":{"line":320,"column":60}}],"line":320},"44":{"loc":{"start":{"line":328,"column":6},"end":{"line":330,"column":7}},"type":"if","locations":[{"start":{"line":328,"column":6},"end":{"line":330,"column":7}},{"start":{},"end":{}}],"line":328},"45":{"loc":{"start":{"line":328,"column":10},"end":{"line":328,"column":76}},"type":"binary-expr","locations":[{"start":{"line":328,"column":10},"end":{"line":328,"column":39}},{"start":{"line":328,"column":43},"end":{"line":328,"column":76}}],"line":328},"46":{"loc":{"start":{"line":329,"column":26},"end":{"line":329,"column":111}},"type":"cond-expr","locations":[{"start":{"line":329,"column":33},"end":{"line":329,"column":104}},{"start":{"line":329,"column":107},"end":{"line":329,"column":111}}],"line":329},"47":{"loc":{"start":{"line":341,"column":4},"end":{"line":341,"column":36}},"type":"if","locations":[{"start":{"line":341,"column":4},"end":{"line":341,"column":36}},{"start":{},"end":{}}],"line":341},"48":{"loc":{"start":{"line":341,"column":8},"end":{"line":341,"column":27}},"type":"binary-expr","locations":[{"start":{"line":341,"column":8},"end":{"line":341,"column":14}},{"start":{"line":341,"column":18},"end":{"line":341,"column":27}}],"line":341},"49":{"loc":{"start":{"line":344,"column":6},"end":{"line":353,"column":7}},"type":"if","locations":[{"start":{"line":344,"column":6},"end":{"line":353,"column":7}},{"start":{},"end":{}}],"line":344},"50":{"loc":{"start":{"line":347,"column":10},"end":{"line":349,"column":11}},"type":"if","locations":[{"start":{"line":347,"column":10},"end":{"line":349,"column":11}},{"start":{},"end":{}}],"line":347},"51":{"loc":{"start":{"line":360,"column":4},"end":{"line":360,"column":36}},"type":"if","locations":[{"start":{"line":360,"column":4},"end":{"line":360,"column":36}},{"start":{},"end":{}}],"line":360},"52":{"loc":{"start":{"line":360,"column":8},"end":{"line":360,"column":27}},"type":"binary-expr","locations":[{"start":{"line":360,"column":8},"end":{"line":360,"column":14}},{"start":{"line":360,"column":18},"end":{"line":360,"column":27}}],"line":360},"53":{"loc":{"start":{"line":364,"column":24},"end":{"line":364,"column":82}},"type":"cond-expr","locations":[{"start":{"line":364,"column":31},"end":{"line":364,"column":75}},{"start":{"line":364,"column":78},"end":{"line":364,"column":82}}],"line":364},"54":{"loc":{"start":{"line":411,"column":4},"end":{"line":411,"column":23}},"type":"if","locations":[{"start":{"line":411,"column":4},"end":{"line":411,"column":23}},{"start":{},"end":{}}],"line":411},"55":{"loc":{"start":{"line":424,"column":16},"end":{"line":424,"column":82}},"type":"binary-expr","locations":[{"start":{"line":424,"column":16},"end":{"line":424,"column":29}},{"start":{"line":424,"column":33},"end":{"line":424,"column":82}}],"line":424},"56":{"loc":{"start":{"line":425,"column":15},"end":{"line":425,"column":56}},"type":"binary-expr","locations":[{"start":{"line":425,"column":15},"end":{"line":425,"column":31}},{"start":{"line":425,"column":35},"end":{"line":425,"column":56}}],"line":425},"57":{"loc":{"start":{"line":429,"column":15},"end":{"line":429,"column":58}},"type":"binary-expr","locations":[{"start":{"line":429,"column":15},"end":{"line":429,"column":26}},{"start":{"line":429,"column":30},"end":{"line":429,"column":58}}],"line":429},"58":{"loc":{"start":{"line":436,"column":4},"end":{"line":436,"column":23}},"type":"if","locations":[{"start":{"line":436,"column":4},"end":{"line":436,"column":23}},{"start":{},"end":{}}],"line":436},"59":{"loc":{"start":{"line":446,"column":4},"end":{"line":446,"column":23}},"type":"if","locations":[{"start":{"line":446,"column":4},"end":{"line":446,"column":23}},{"start":{},"end":{}}],"line":446},"60":{"loc":{"start":{"line":449,"column":24},"end":{"line":449,"column":66}},"type":"binary-expr","locations":[{"start":{"line":449,"column":24},"end":{"line":449,"column":41}},{"start":{"line":449,"column":45},"end":{"line":449,"column":66}}],"line":449},"61":{"loc":{"start":{"line":452,"column":23},"end":{"line":459,"column":22}},"type":"cond-expr","locations":[{"start":{"line":453,"column":10},"end":{"line":458,"column":11}},{"start":{"line":459,"column":10},"end":{"line":459,"column":22}}],"line":452},"62":{"loc":{"start":{"line":473,"column":4},"end":{"line":473,"column":23}},"type":"if","locations":[{"start":{"line":473,"column":4},"end":{"line":473,"column":23}},{"start":{},"end":{}}],"line":473},"63":{"loc":{"start":{"line":493,"column":4},"end":{"line":493,"column":23}},"type":"if","locations":[{"start":{"line":493,"column":4},"end":{"line":493,"column":23}},{"start":{},"end":{}}],"line":493},"64":{"loc":{"start":{"line":518,"column":4},"end":{"line":521,"column":5}},"type":"if","locations":[{"start":{"line":518,"column":4},"end":{"line":521,"column":5}},{"start":{},"end":{}}],"line":518}},"s":{"0":14,"1":14,"2":14,"3":14,"4":14,"5":14,"6":10,"7":5,"8":5,"9":5,"10":5,"11":5,"12":4,"13":1,"14":1,"15":5,"16":14,"17":10,"18":14,"19":10,"20":5,"21":5,"22":0,"23":5,"24":0,"25":0,"26":0,"27":0,"28":0,"29":5,"30":0,"31":0,"32":0,"33":0,"34":0,"35":5,"36":5,"37":5,"38":14,"39":10,"40":5,"41":5,"42":0,"43":0,"44":5,"45":5,"46":14,"47":0,"48":0,"49":0,"50":0,"51":0,"52":0,"53":0,"54":0,"55":0,"56":0,"57":0,"58":0,"59":0,"60":0,"61":0,"62":0,"63":0,"64":0,"65":0,"66":0,"67":0,"68":0,"69":0,"70":0,"71":0,"72":0,"73":0,"74":0,"75":0,"76":0,"77":0,"78":0,"79":14,"80":0,"81":0,"82":0,"83":0,"84":0,"85":0,"86":0,"87":0,"88":0,"89":14,"90":0,"91":0,"92":0,"93":0,"94":0,"95":0,"96":0,"97":0,"98":0,"99":0,"100":14,"101":0,"102":0,"103":0,"104":0,"105":0,"106":0,"107":0,"108":0,"109":0,"110":0,"111":14,"112":9,"113":9,"114":9,"115":9,"116":9,"117":4,"118":2,"119":2,"120":2,"121":2,"122":2,"123":0,"124":2,"125":9,"126":1,"127":0,"128":1,"129":1,"130":1,"131":1,"132":1,"133":1,"134":1,"135":9,"136":4,"137":9,"138":0,"139":0,"140":0,"141":0,"142":0,"143":0,"144":0,"145":0,"146":0,"147":0,"148":0,"149":0,"150":0,"151":0,"152":0,"153":0,"154":0,"155":0,"156":0,"157":0,"158":0,"159":0,"160":0,"161":0,"162":0,"163":0,"164":0,"165":0,"166":0,"167":0,"168":0,"169":0,"170":0,"171":0,"172":0,"173":0,"174":0,"175":0,"176":0,"177":0,"178":0,"179":0,"180":0,"181":0,"182":0,"183":0,"184":0,"185":0,"186":0,"187":0,"188":0,"189":0,"190":0,"191":0,"192":0,"193":0,"194":0,"195":0,"196":0,"197":0,"198":0,"199":0,"200":0,"201":0,"202":0,"203":0,"204":0,"205":0,"206":0,"207":0,"208":0,"209":0,"210":0,"211":0,"212":0,"213":0,"214":0,"215":0,"216":0,"217":0,"218":0,"219":0,"220":0,"221":0,"222":0,"223":0,"224":0,"225":0,"226":0,"227":0,"228":0,"229":0,"230":0,"231":0,"232":0,"233":0,"234":0,"235":0,"236":0,"237":0,"238":0,"239":0,"240":0,"241":0,"242":0,"243":0,"244":0,"245":0,"246":0,"247":0,"248":0,"249":0,"250":0,"251":0,"252":0,"253":0,"254":0,"255":0,"256":2,"257":2,"258":2,"259":2,"260":1,"261":1,"262":1,"263":1,"264":0,"265":1,"266":1,"267":1,"268":2},"f":{"0":14,"1":10,"2":10,"3":10,"4":0,"5":0,"6":0,"7":0,"8":0,"9":0,"10":0,"11":5,"12":10,"13":0,"14":5,"15":0,"16":0,"17":0,"18":0,"19":0,"20":0,"21":0,"22":0,"23":0,"24":0,"25":0,"26":0,"27":0,"28":0,"29":0,"30":9,"31":4,"32":1,"33":1,"34":4,"35":0,"36":0,"37":0,"38":0,"39":0,"40":0,"41":0,"42":0,"43":0,"44":0,"45":0,"46":0,"47":0,"48":0,"49":0,"50":0,"51":0,"52":0,"53":0,"54":0,"55":0,"56":0,"57":0,"58":0,"59":0,"60":0,"61":0,"62":0,"63":0,"64":2,"65":2,"66":0,"67":1},"b":{"0":[5,5],"1":[1,0],"2":[5,5],"3":[0,0],"4":[0,0],"5":[0,0],"6":[0,0],"7":[0,0],"8":[0,0],"9":[0,0],"10":[0,0],"11":[0,0],"12":[0,0],"13":[0,0],"14":[0,0],"15":[0,0],"16":[5,5],"17":[0,0],"18":[0,0],"19":[0,0],"20":[0,0],"21":[0,0],"22":[0,0],"23":[0,0],"24":[0,0],"25":[0,0],"26":[0,0],"27":[0,0],"28":[0,0],"29":[0,0],"30":[0,0],"31":[0,0],"32":[0,0],"33":[0,0],"34":[2,2],"35":[0,1],"36":[0,0],"37":[0,0],"38":[0,0],"39":[0,0],"40":[0,0],"41":[0,0],"42":[0,0],"43":[0,0],"44":[0,0],"45":[0,0],"46":[0,0],"47":[0,0],"48":[0,0],"49":[0,0],"50":[0,0],"51":[0,0],"52":[0,0],"53":[0,0],"54":[0,0],"55":[0,0],"56":[0,0],"57":[0,0],"58":[0,0],"59":[0,0],"60":[0,0],"61":[0,0],"62":[0,0],"63":[0,0],"64":[1,1]},"_coverageSchema":"1a1c01bbd47fc00a2c39e90264f33305004495a9","hash":"8dfd5555b831aa0324021bdaeeac00934b77e5f4"}
[...]
,"/mnt/fady/git-fedora/Smart-Home-Mobile-App/smartera/utils/api.ts": {"path":"/mnt/fady/git-fedora/Smart-Home-Mobile-App/smartera/utils/api.ts","statementMap":{"0":{"start":{"line":9,"column":20},"end":{"line":18,"column":1}},"1":{"start":{"line":10,"column":2},"end":{"line":10,"column":28}},"2":{"start":{"line":10,"column":16},"end":{"line":10,"column":28}},"3":{"start":{"line":12,"column":2},"end":{"line":17,"column":3}},"4":{"start":{"line":13,"column":23},"end":{"line":13,"column":78}},"5":{"start":{"line":14,"column":4},"end":{"line":14,"column":48}},"6":{"start":{"line":16,"column":4},"end":{"line":16,"column":41}},"7":{"start":{"line":20,"column":31},"end":{"line":29,"column":1}},"8":{"start":{"line":21,"column":20},"end":{"line":21,"column":62}},"9":{"start":{"line":23,"column":4},"end":{"line":25,"column":36}},"10":{"start":{"line":27,"column":15},"end":{"line":27,"column":52}},"11":{"start":{"line":28,"column":2},"end":{"line":28,"column":72}},"12":{"start":{"line":31,"column":37},"end":{"line":31,"column":64}},"13":{"start":{"line":33,"column":26},"end":{"line":59,"column":1}},"14":{"start":{"line":34,"column":20},"end":{"line":36,"column":3}},"15":{"start":{"line":38,"column":15},"end":{"line":38,"column":91}},"16":{"start":{"line":40,"column":2},"end":{"line":54,"column":3}},"17":{"start":{"line":43,"column":4},"end":{"line":52,"column":5}},"18":{"start":{"line":45,"column":8},"end":{"line":47,"column":40}},"19":{"start":{"line":48,"column":19},"end":{"line":48,"column":56}},"20":{"start":{"line":49,"column":6},"end":{"line":51,"column":7}},"21":{"start":{"line":50,"column":8},"end":{"line":50,"column":78}},"22":{"start":{"line":53,"column":4},"end":{"line":53,"column":18}},"23":{"start":{"line":56,"column":2},"end":{"line":56,"column":47}},"24":{"start":{"line":56,"column":15},"end":{"line":56,"column":47}},"25":{"start":{"line":58,"column":2},"end":{"line":58,"column":38}},"26":{"start":{"line":61,"column":21},"end":{"line":61,"column":60}},"27":{"start":{"line":66,"column":2},"end":{"line":71,"column":3}},"28":{"start":{"line":67,"column":19},"end":{"line":67,"column":34}},"29":{"start":{"line":68,"column":4},"end":{"line":68,"column":63}},"30":{"start":{"line":70,"column":4},"end":{"line":70,"column":15}},"31":{"start":{"line":77,"column":4},"end":{"line":77,"column":19}},"32":{"start":{"line":78,"column":4},"end":{"line":78,"column":27}},"33":{"start":{"line":79,"column":4},"end":{"line":79,"column":25}},"34":{"start":{"line":89,"column":23},"end":{"line":91,"column":3}},"35":{"start":{"line":92,"column":2},"end":{"line":92,"column":58}},"36":{"start":{"line":92,"column":13},"end":{"line":92,"column":58}},"37":{"start":{"line":94,"column":14},"end":{"line":98,"column":4}},"38":{"start":{"line":100,"column":2},"end":{"line":104,"column":3}},"39":{"start":{"line":101,"column":22},"end":{"line":101,"column":38}},"40":{"start":{"line":102,"column":20},"end":{"line":102,"column":48}},"41":{"start":{"line":103,"column":4},"end":{"line":103,"column":64}},"42":{"start":{"line":105,"column":2},"end":{"line":105,"column":20}}},"fnMap":{"0":{"name":"(anonymous_0)","decl":{"start":{"line":9,"column":20},"end":{"line":9,"column":21}},"loc":{"start":{"line":9,"column":56},"end":{"line":18,"column":1}},"line":9},"1":{"name":"(anonymous_1)","decl":{"start":{"line":20,"column":31},"end":{"line":20,"column":32}},"loc":{"start":{"line":20,"column":45},"end":{"line":29,"column":1}},"line":20},"2":{"name":"(anonymous_2)","decl":{"start":{"line":33,"column":26},"end":{"line":33,"column":27}},"loc":{"start":{"line":33,"column":40},"end":{"line":59,"column":1}},"line":33},"3":{"name":"parseErrorMessage","decl":{"start":{"line":65,"column":9},"end":{"line":65,"column":26}},"loc":{"start":{"line":65,"column":48},"end":{"line":72,"column":1}},"line":65},"4":{"name":"(anonymous_4)","decl":{"start":{"line":76,"column":2},"end":{"line":76,"column":3}},"loc":{"start":{"line":76,"column":47},"end":{"line":80,"column":3}},"line":76},"5":{"name":"apiRequest","decl":{"start":{"line":83,"column":22},"end":{"line":83,"column":32}},"loc":{"start":{"line":88,"column":2},"end":{"line":106,"column":1}},"line":88}},"branchMap":{"0":{"loc":{"start":{"line":10,"column":2},"end":{"line":10,"column":28}},"type":"if","locations":[{"start":{"line":10,"column":2},"end":{"line":10,"column":28}},{"start":{},"end":{}}],"line":10},"1":{"loc":{"start":{"line":13,"column":23},"end":{"line":13,"column":78}},"type":"cond-expr","locations":[{"start":{"line":13,"column":49},"end":{"line":13,"column":56}},{"start":{"line":13,"column":59},"end":{"line":13,"column":78}}],"line":13},"2":{"loc":{"start":{"line":14,"column":11},"end":{"line":14,"column":47}},"type":"binary-expr","locations":[{"start":{"line":14,"column":11},"end":{"line":14,"column":39}},{"start":{"line":14,"column":43},"end":{"line":14,"column":47}}],"line":14},"3":{"loc":{"start":{"line":16,"column":11},"end":{"line":16,"column":40}},"type":"binary-expr","locations":[{"start":{"line":16,"column":11},"end":{"line":16,"column":32}},{"start":{"line":16,"column":36},"end":{"line":16,"column":40}}],"line":16},"4":{"loc":{"start":{"line":23,"column":4},"end":{"line":25,"column":36}},"type":"binary-expr","locations":[{"start":{"line":23,"column":4},"end":{"line":23,"column":33}},{"start":{"line":24,"column":4},"end":{"line":24,"column":51}},{"start":{"line":25,"column":4},"end":{"line":25,"column":36}}],"line":23},"5":{"loc":{"start":{"line":27,"column":15},"end":{"line":27,"column":52}},"type":"cond-expr","locations":[{"start":{"line":27,"column":25},"end":{"line":27,"column":45}},{"start":{"line":27,"column":48},"end":{"line":27,"column":52}}],"line":27},"6":{"loc":{"start":{"line":28,"column":9},"end":{"line":28,"column":71}},"type":"cond-expr","locations":[{"start":{"line":28,"column":16},"end":{"line":28,"column":41}},{"start":{"line":28,"column":44},"end":{"line":28,"column":71}}],"line":28},"7":{"loc":{"start":{"line":38,"column":15},"end":{"line":38,"column":91}},"type":"binary-expr","locations":[{"start":{"line":38,"column":15},"end":{"line":38,"column":46}},{"start":{"line":38,"column":50},"end":{"line":38,"column":85}},{"start":{"line":38,"column":89},"end":{"line":38,"column":91}}],"line":38},"8":{"loc":{"start":{"line":40,"column":2},"end":{"line":54,"column":3}},"type":"if","locations":[{"start":{"line":40,"column":2},"end":{"line":54,"column":3}},{"start":{},"end":{}}],"line":40},"9":{"loc":{"start":{"line":43,"column":4},"end":{"line":52,"column":5}},"type":"if","locations":[{"start":{"line":43,"column":4},"end":{"line":52,"column":5}},{"start":{},"end":{}}],"line":43},"10":{"loc":{"start":{"line":43,"column":8},"end":{"line":43,"column":81}},"type":"binary-expr","locations":[{"start":{"line":43,"column":8},"end":{"line":43,"column":15}},{"start":{"line":43,"column":20},"end":{"line":43,"column":48}},{"start":{"line":43,"column":52},"end":{"line":43,"column":80}}],"line":43},"11":{"loc":{"start":{"line":45,"column":8},"end":{"line":47,"column":40}},"type":"binary-expr","locations":[{"start":{"line":45,"column":8},"end":{"line":45,"column":37}},{"start":{"line":46,"column":8},"end":{"line":46,"column":55}},{"start":{"line":47,"column":8},"end":{"line":47,"column":40}}],"line":45},"12":{"loc":{"start":{"line":48,"column":19},"end":{"line":48,"column":56}},"type":"cond-expr","locations":[{"start":{"line":48,"column":29},"end":{"line":48,"column":49}},{"start":{"line":48,"column":52},"end":{"line":48,"column":56}}],"line":48},"13":{"loc":{"start":{"line":49,"column":6},"end":{"line":51,"column":7}},"type":"if","locations":[{"start":{"line":49,"column":6},"end":{"line":51,"column":7}},{"start":{},"end":{}}],"line":49},"14":{"loc":{"start":{"line":56,"column":2},"end":{"line":56,"column":47}},"type":"if","locations":[{"start":{"line":56,"column":2},"end":{"line":56,"column":47}},{"start":{},"end":{}}],"line":56},"15":{"loc":{"start":{"line":68,"column":11},"end":{"line":68,"column":62}},"type":"binary-expr","locations":[{"start":{"line":68,"column":11},"end":{"line":68,"column":25}},{"start":{"line":68,"column":29},"end":{"line":68,"column":41}},{"start":{"line":68,"column":45},"end":{"line":68,"column":55}},{"start":{"line":68,"column":59},"end":{"line":68,"column":62}}],"line":68},"16":{"loc":{"start":{"line":85,"column":2},"end":{"line":85,"column":24}},"type":"default-arg","locations":[{"start":{"line":85,"column":19},"end":{"line":85,"column":24}}],"line":85},"17":{"loc":{"start":{"line":92,"column":2},"end":{"line":92,"column":58}},"type":"if","locations":[{"start":{"line":92,"column":2},"end":{"line":92,"column":58}},{"start":{},"end":{}}],"line":92},"18":{"loc":{"start":{"line":97,"column":10},"end":{"line":97,"column":49}},"type":"cond-expr","locations":[{"start":{"line":97,"column":17},"end":{"line":97,"column":37}},{"start":{"line":97,"column":40},"end":{"line":97,"column":49}}],"line":97},"19":{"loc":{"start":{"line":100,"column":2},"end":{"line":104,"column":3}},"type":"if","locations":[{"start":{"line":100,"column":2},"end":{"line":104,"column":3}},{"start":{},"end":{}}],"line":100},"20":{"loc":{"start":{"line":103,"column":23},"end":{"line":103,"column":50}},"type":"binary-expr","locations":[{"start":{"line":103,"column":23},"end":{"line":103,"column":30}},{"start":{"line":103,"column":34},"end":{"line":103,"column":50}}],"line":103}},"s":{"0":3,"1":0,"2":0,"3":0,"4":0,"5":0,"6":0,"7":3,"8":3,"9":3,"10":3,"11":3,"12":3,"13":3,"14":3,"15":3,"16":3,"17":0,"18":0,"19":0,"20":0,"21":0,"22":0,"23":3,"24":3,"25":0,"26":3,"27":1,"28":1,"29":0,"30":1,"31":1,"32":1,"33":1,"34":5,"35":5,"36":1,"37":5,"38":5,"39":1,"40":1,"41":1,"42":4},"f":{"0":0,"1":3,"2":3,"3":1,"4":1,"5":5},"b":{"0":[0,0],"1":[0,0],"2":[0,0],"3":[0,0],"4":[3,3,3],"5":[0,3],"6":[0,3],"7":[3,3,3],"8":[0,3],"9":[0,0],"10":[0,0,0],"11":[0,0,0],"12":[0,0],"13":[0,0],"14":[3,0],"15":[0,0,0,0],"16":[2],"17":[1,4],"18":[1,4],"19":[1,4],"20":[1,0]},"_coverageSchema":"1a1c01bbd47fc00a2c39e90264f33305004495a9","hash":"72bc2b9fc863bdb49a8d572ab5279f61fbfaad29"}
,"/mnt/fady/git-fedora/Smart-Home-Mobile-App/smartera/utils/colors.ts": {"path":"/mnt/fady/git-fedora/Smart-Home-Mobile-App/smartera/utils/colors.ts","statementMap":{"0":{"start":{"line":4,"column":15},"end":{"line":79,"column":1}},"1":{"start":{"line":82,"column":25},"end":{"line":93,"column":1}},"2":{"start":{"line":84,"column":19},"end":{"line":84,"column":39}},"3":{"start":{"line":87,"column":12},"end":{"line":87,"column":50}},"4":{"start":{"line":88,"column":12},"end":{"line":88,"column":50}},"5":{"start":{"line":89,"column":12},"end":{"line":89,"column":50}},"6":{"start":{"line":92,"column":2},"end":{"line":92,"column":44}},"7":{"start":{"line":96,"column":30},"end":{"line":98,"column":1}},"8":{"start":{"line":97,"column":2},"end":{"line":97,"column":45}}},"fnMap":{"0":{"name":"(anonymous_0)","decl":{"start":{"line":82,"column":25},"end":{"line":82,"column":26}},"loc":{"start":{"line":82,"column":65},"end":{"line":93,"column":1}},"line":82},"1":{"name":"(anonymous_1)","decl":{"start":{"line":96,"column":30},"end":{"line":96,"column":31}},"loc":{"start":{"line":96,"column":51},"end":{"line":98,"column":1}},"line":96}},"branchMap":{"0":{"loc":{"start":{"line":97,"column":9},"end":{"line":97,"column":44}},"type":"cond-expr","locations":[{"start":{"line":97,"column":18},"end":{"line":97,"column":29}},{"start":{"line":97,"column":32},"end":{"line":97,"column":44}}],"line":97}},"s":{"0":2,"1":2,"2":7,"3":7,"4":7,"5":7,"6":7,"7":2,"8":2},"f":{"0":7,"1":2},"b":{"0":[1,1]},"_coverageSchema":"1a1c01bbd47fc00a2c39e90264f33305004495a9","hash":"c04b13c38ff20bc22ae4fb9eecad42d816bfb630"}
,"/mnt/fady/git-fedora/Smart-Home-Mobile-App/smartera/utils/logger.ts": {"path":"/mnt/fady/git-fedora/Smart-Home-Mobile-App/smartera/utils/logger.ts","statementMap":{"0":{"start":{"line":11,"column":53},"end":{"line":16,"column":1}},"1":{"start":{"line":18,"column":28},"end":{"line":18,"column":54}},"2":{"start":{"line":21,"column":2},"end":{"line":21,"column":68}},"3":{"start":{"line":25,"column":2},"end":{"line":28,"column":3}},"4":{"start":{"line":26,"column":20},"end":{"line":26,"column":70}},"5":{"start":{"line":27,"column":4},"end":{"line":27,"column":113}},"6":{"start":{"line":29,"column":2},"end":{"line":29,"column":31}},"7":{"start":{"line":33,"column":2},"end":{"line":39,"column":4}},"8":{"start":{"line":43,"column":2},"end":{"line":43,"column":32}},"9":{"start":{"line":43,"column":25},"end":{"line":43,"column":32}},"10":{"start":{"line":45,"column":16},"end":{"line":45,"column":63}},"11":{"start":{"line":46,"column":20},"end":{"line":46,"column":41}},"12":{"start":{"line":48,"column":2},"end":{"line":61,"column":3}},"13":{"start":{"line":50,"column":6},"end":{"line":50,"column":31}},"14":{"start":{"line":51,"column":6},"end":{"line":51,"column":12}},"15":{"start":{"line":53,"column":6},"end":{"line":53,"column":30}},"16":{"start":{"line":54,"column":6},"end":{"line":54,"column":12}},"17":{"start":{"line":56,"column":6},"end":{"line":56,"column":30}},"18":{"start":{"line":57,"column":6},"end":{"line":57,"column":12}},"19":{"start":{"line":59,"column":6},"end":{"line":59,"column":31}},"20":{"start":{"line":60,"column":6},"end":{"line":60,"column":12}},"21":{"start":{"line":65,"column":2},"end":{"line":70,"column":4}},"22":{"start":{"line":66,"column":64},"end":{"line":66,"column":102}},"23":{"start":{"line":67,"column":63},"end":{"line":67,"column":100}},"24":{"start":{"line":68,"column":63},"end":{"line":68,"column":100}},"25":{"start":{"line":69,"column":64},"end":{"line":69,"column":102}},"26":{"start":{"line":73,"column":22},"end":{"line":78,"column":1}},"27":{"start":{"line":74,"column":81},"end":{"line":74,"column":119}},"28":{"start":{"line":75,"column":80},"end":{"line":75,"column":117}},"29":{"start":{"line":76,"column":80},"end":{"line":76,"column":117}},"30":{"start":{"line":77,"column":81},"end":{"line":77,"column":119}}},"fnMap":{"0":{"name":"shouldLog","decl":{"start":{"line":20,"column":9},"end":{"line":20,"column":18}},"loc":{"start":{"line":20,"column":45},"end":{"line":22,"column":1}},"line":20},"1":{"name":"formatLogEntry","decl":{"start":{"line":24,"column":9},"end":{"line":24,"column":23}},"loc":{"start":{"line":24,"column":49},"end":{"line":30,"column":1}},"line":24},"2":{"name":"createLogEntry","decl":{"start":{"line":32,"column":9},"end":{"line":32,"column":23}},"loc":{"start":{"line":32,"column":119},"end":{"line":40,"column":1}},"line":32},"3":{"name":"log","decl":{"start":{"line":42,"column":9},"end":{"line":42,"column":12}},"loc":{"start":{"line":42,"column":104},"end":{"line":62,"column":1}},"line":42},"4":{"name":"createLogger","decl":{"start":{"line":64,"column":16},"end":{"line":64,"column":28}},"loc":{"start":{"line":64,"column":48},"end":{"line":71,"column":1}},"line":64},"5":{"name":"(anonymous_5)","decl":{"start":{"line":66,"column":11},"end":{"line":66,"column":12}},"loc":{"start":{"line":66,"column":64},"end":{"line":66,"column":102}},"line":66},"6":{"name":"(anonymous_6)","decl":{"start":{"line":67,"column":10},"end":{"line":67,"column":11}},"loc":{"start":{"line":67,"column":63},"end":{"line":67,"column":100}},"line":67},"7":{"name":"(anonymous_7)","decl":{"start":{"line":68,"column":10},"end":{"line":68,"column":11}},"loc":{"start":{"line":68,"column":63},"end":{"line":68,"column":100}},"line":68},"8":{"name":"(anonymous_8)","decl":{"start":{"line":69,"column":11},"end":{"line":69,"column":12}},"loc":{"start":{"line":69,"column":64},"end":{"line":69,"column":102}},"line":69},"9":{"name":"(anonymous_9)","decl":{"start":{"line":74,"column":9},"end":{"line":74,"column":10}},"loc":{"start":{"line":74,"column":81},"end":{"line":74,"column":119}},"line":74},"10":{"name":"(anonymous_10)","decl":{"start":{"line":75,"column":8},"end":{"line":75,"column":9}},"loc":{"start":{"line":75,"column":80},"end":{"line":75,"column":117}},"line":75},"11":{"name":"(anonymous_11)","decl":{"start":{"line":76,"column":8},"end":{"line":76,"column":9}},"loc":{"start":{"line":76,"column":80},"end":{"line":76,"column":117}},"line":76},"12":{"name":"(anonymous_12)","decl":{"start":{"line":77,"column":9},"end":{"line":77,"column":10}},"loc":{"start":{"line":77,"column":81},"end":{"line":77,"column":119}},"line":77}},"branchMap":{"0":{"loc":{"start":{"line":18,"column":28},"end":{"line":18,"column":54}},"type":"cond-expr","locations":[{"start":{"line":18,"column":38},"end":{"line":18,"column":45}},{"start":{"line":18,"column":48},"end":{"line":18,"column":54}}],"line":18},"1":{"loc":{"start":{"line":25,"column":2},"end":{"line":28,"column":3}},"type":"if","locations":[{"start":{"line":25,"column":2},"end":{"line":28,"column":3}},{"start":{},"end":{}}],"line":25},"2":{"loc":{"start":{"line":26,"column":20},"end":{"line":26,"column":70}},"type":"cond-expr","locations":[{"start":{"line":26,"column":33},"end":{"line":26,"column":65}},{"start":{"line":26,"column":68},"end":{"line":26,"column":70}}],"line":26},"3":{"loc":{"start":{"line":38,"column":8},"end":{"line":38,"column":24}},"type":"binary-expr","locations":[{"start":{"line":38,"column":8},"end":{"line":38,"column":12}},{"start":{"line":38,"column":16},"end":{"line":38,"column":24}}],"line":38},"4":{"loc":{"start":{"line":43,"column":2},"end":{"line":43,"column":32}},"type":"if","locations":[{"start":{"line":43,"column":2},"end":{"line":43,"column":32}},{"start":{},"end":{}}],"line":43},"5":{"loc":{"start":{"line":48,"column":2},"end":{"line":61,"column":3}},"type":"switch","locations":[{"start":{"line":49,"column":4},"end":{"line":51,"column":12}},{"start":{"line":52,"column":4},"end":{"line":54,"column":12}},{"start":{"line":55,"column":4},"end":{"line":57,"column":12}},{"start":{"line":58,"column":4},"end":{"line":60,"column":12}}],"line":48}},"s":{"0":2,"1":2,"2":11,"3":11,"4":11,"5":11,"6":0,"7":11,"8":11,"9":0,"10":11,"11":11,"12":11,"13":0,"14":0,"15":8,"16":8,"17":1,"18":1,"19":2,"20":2,"21":7,"22":0,"23":7,"24":1,"25":1,"26":2,"27":0,"28":1,"29":0,"30":1},"f":{"0":11,"1":11,"2":11,"3":11,"4":7,"5":0,"6":7,"7":1,"8":1,"9":0,"10":1,"11":0,"12":1},"b":{"0":[2,0],"1":[11,0],"2":[6,5],"3":[11,6],"4":[0,11],"5":[0,8,1,2]},"_coverageSchema":"1a1c01bbd47fc00a2c39e90264f33305004495a9","hash":"4167cd8817aa01f59843a3a368c1b58e9ee1acc8"}
}
