TN:
SF:hooks/useWifiScan.ts
FN:33,useWifiScan
FN:41,(anonymous_1)
FN:45,(anonymous_2)
FN:64,(anonymous_3)
FN:103,(anonymous_4)
FN:119,(anonymous_5)
FN:157,(anonymous_6)
FN:179,(anonymous_7)
FN:198,(anonymous_8)
FN:218,(anonymous_9)
FN:252,(anonymous_10)
FN:276,(anonymous_11)
FN:306,(anonymous_12)
FN:311,(anonymous_13)
FNF:14
FNH:9
FNDA:23,useWifiScan
FNDA:9,(anonymous_1)
FNDA:9,(anonymous_2)
FNDA:0,(anonymous_3)
FNDA:0,(anonymous_4)
FNDA:1,(anonymous_5)
FNDA:0,(anonymous_6)
FNDA:0,(anonymous_7)
FNDA:1,(anonymous_8)
FNDA:0,(anonymous_9)
FNDA:1,(anonymous_10)
FNDA:3,(anonymous_11)
FNDA:1,(anonymous_12)
FNDA:2,(anonymous_13)
DA:7,1
DA:9,1
DA:10,1
DA:11,1
DA:30,1
DA:31,1
DA:34,23
DA:35,23
DA:36,23
DA:37,23
DA:38,23
DA:39,23
DA:41,23
DA:42,9
DA:45,23
DA:46,9
DA:47,0
DA:48,0
DA:49,0
DA:52,0
DA:54,0
DA:57,0
DA:60,9
DA:64,23
DA:65,0
DA:66,0
DA:69,0
DA:70,0
DA:73,0
DA:74,0
DA:85,0
DA:97,0
DA:98,0
DA:103,0
DA:106,0
DA:107,0
DA:110,0
DA:111,0
DA:112,0
DA:114,0
DA:115,0
DA:119,23
DA:120,1
DA:121,0
DA:122,0
DA:123,0
DA:124,0
DA:128,1
DA:129,1
DA:130,1
DA:131,1
DA:133,1
DA:134,1
DA:135,1
DA:136,1
DA:137,1
DA:138,1
DA:141,0
DA:142,0
DA:143,0
DA:144,0
DA:145,0
DA:148,0
DA:150,0
DA:151,0
DA:153,1
DA:157,23
DA:158,0
DA:159,0
DA:160,0
DA:161,0
DA:164,0
DA:165,0
DA:167,0
DA:168,0
DA:169,0
DA:170,0
DA:179,0
DA:180,0
DA:182,0
DA:183,0
DA:184,0
DA:186,0
DA:189,0
DA:190,0
DA:191,0
DA:192,0
DA:194,0
DA:198,23
DA:203,1
DA:204,1
DA:207,0
DA:208,0
DA:210,0
DA:211,0
DA:212,0
DA:213,0
DA:216,0
DA:218,0
DA:220,0
DA:222,0
DA:231,0
DA:232,0
DA:235,0
DA:236,0
DA:238,0
DA:239,0
DA:241,0
DA:242,0
DA:243,0
DA:244,0
DA:248,0
DA:252,23
DA:256,1
DA:257,1
DA:260,0
DA:261,0
DA:270,0
DA:272,0
DA:276,23
DA:281,3
DA:282,0
DA:283,0
DA:284,0
DA:287,3
DA:288,3
DA:290,3
DA:291,3
DA:297,1
DA:298,1
DA:300,2
DA:301,2
DA:302,2
DA:306,23
DA:307,1
DA:308,1
DA:311,23
DA:312,2
DA:313,2
DA:314,1
DA:317,1
DA:325,23
LF:142
LH:58
BRDA:46,0,0,0
BRDA:46,0,1,9
BRDA:48,1,0,0
BRDA:48,1,1,0
BRDA:65,2,0,0
BRDA:65,2,1,0
BRDA:73,3,0,0
BRDA:73,3,1,0
BRDA:97,4,0,0
BRDA:97,4,1,0
BRDA:120,5,0,0
BRDA:120,5,1,1
BRDA:122,6,0,0
BRDA:122,6,1,0
BRDA:134,7,0,1
BRDA:134,7,1,0
BRDA:141,8,0,0
BRDA:141,8,1,0
BRDA:150,9,0,0
BRDA:150,9,1,0
BRDA:160,10,0,0
BRDA:160,10,1,0
BRDA:169,11,0,0
BRDA:169,11,1,0
BRDA:171,12,0,0
BRDA:171,12,1,0
BRDA:174,13,0,0
BRDA:174,13,1,0
BRDA:182,14,0,0
BRDA:182,14,1,0
BRDA:189,15,0,0
BRDA:189,15,1,0
BRDA:189,16,0,0
BRDA:189,16,1,0
BRDA:203,17,0,1
BRDA:203,17,1,0
BRDA:203,18,0,1
BRDA:203,18,1,0
BRDA:212,19,0,0
BRDA:212,19,1,0
BRDA:231,20,0,0
BRDA:231,20,1,0
BRDA:243,21,0,0
BRDA:243,21,1,0
BRDA:256,22,0,1
BRDA:256,22,1,0
BRDA:256,23,0,1
BRDA:256,23,1,0
BRDA:281,24,0,0
BRDA:281,24,1,3
BRDA:300,25,0,2
BRDA:300,25,1,0
BRDA:313,26,0,1
BRDA:313,26,1,1
BRF:54
BRH:11
end_of_record
