TN:
SF:context/AuthContext.tsx
FN:5,parseErrorMessage
FN:25,(anonymous_1)
FN:33,(anonymous_2)
FN:40,(anonymous_3)
FN:44,(anonymous_4)
FN:61,(anonymous_5)
FN:90,(anonymous_6)
FN:135,(anonymous_7)
FN:168,(anonymous_8)
FNF:9
FNH:9
FNDA:3,parseErrorMessage
FNDA:47,(anonymous_1)
FNDA:36,(anonymous_2)
FNDA:19,(anonymous_3)
FNDA:15,(anonymous_4)
FNDA:19,(anonymous_5)
FNDA:6,(anonymous_6)
FNDA:2,(anonymous_7)
FNDA:1,(anonymous_8)
DA:6,3
DA:7,3
DA:8,3
DA:10,0
DA:23,3
DA:25,3
DA:26,47
DA:27,47
DA:28,2
DA:30,45
DA:33,3
DA:36,36
DA:37,36
DA:38,36
DA:40,36
DA:41,19
DA:44,36
DA:45,15
DA:51,15
DA:52,13
DA:53,13
DA:55,2
DA:56,1
DA:58,1
DA:61,36
DA:62,19
DA:63,19
DA:64,19
DA:66,19
DA:67,11
DA:68,11
DA:69,10
DA:70,9
DA:71,9
DA:72,9
DA:74,1
DA:75,1
DA:78,1
DA:79,1
DA:80,1
DA:84,0
DA:86,19
DA:90,36
DA:91,6
DA:92,6
DA:98,6
DA:99,4
DA:100,4
DA:101,4
DA:103,4
DA:104,4
DA:105,4
DA:106,4
DA:110,4
DA:111,4
DA:112,4
DA:114,0
DA:115,0
DA:117,4
DA:120,2
DA:121,2
DA:123,2
DA:124,1
DA:126,1
DA:128,2
DA:129,0
DA:131,2
DA:135,36
DA:140,2
DA:141,2
DA:152,2
DA:153,1
DA:154,1
DA:157,1
DA:158,1
DA:159,1
DA:161,1
DA:162,0
DA:164,1
DA:168,36
DA:169,1
DA:170,1
DA:171,1
DA:172,1
DA:175,36
LF:85
LH:79
BRDA:8,0,0,3
BRDA:8,0,1,0
BRDA:8,0,2,0
BRDA:8,0,3,0
BRDA:27,1,0,2
BRDA:27,1,1,45
BRDA:51,2,0,13
BRDA:51,2,1,2
BRDA:53,3,0,13
BRDA:53,3,1,0
BRDA:55,4,0,1
BRDA:55,4,1,1
BRDA:55,5,0,2
BRDA:55,5,1,1
BRDA:66,6,0,11
BRDA:66,6,1,8
BRDA:69,7,0,9
BRDA:69,7,1,1
BRDA:78,8,0,1
BRDA:78,8,1,0
BRDA:98,9,0,4
BRDA:98,9,1,2
BRDA:103,10,0,4
BRDA:103,10,1,4
BRDA:104,11,0,4
BRDA:104,11,1,0
BRDA:104,12,0,4
BRDA:104,12,1,4
BRDA:110,13,0,4
BRDA:110,13,1,0
BRDA:115,14,0,0
BRDA:115,14,1,0
BRDA:123,15,0,1
BRDA:123,15,1,1
BRDA:126,16,0,1
BRDA:126,16,1,0
BRDA:128,17,0,0
BRDA:128,17,1,2
BRDA:128,18,0,2
BRDA:128,18,1,0
BRDA:152,19,0,1
BRDA:152,19,1,1
BRDA:159,20,0,1
BRDA:159,20,1,0
BRDA:161,21,0,0
BRDA:161,21,1,1
BRDA:161,22,0,1
BRDA:161,22,1,0
BRF:48
BRH:33
end_of_record
TN:
SF:context/ProvisioningContext.tsx
FN:101,provisioningReducer
FN:185,ProvisioningProvider
FN:188,(anonymous_2)
FN:192,(anonymous_3)
FN:198,(anonymous_4)
FN:218,(anonymous_5)
FN:226,(anonymous_6)
FN:230,(anonymous_7)
FN:234,(anonymous_8)
FN:238,(anonymous_9)
FN:242,(anonymous_10)
FN:246,(anonymous_11)
FN:250,(anonymous_12)
FN:254,(anonymous_13)
FN:258,(anonymous_14)
FN:283,useProvisioningContext
FNF:16
FNH:15
FNDA:35,provisioningReducer
FNDA:19,ProvisioningProvider
FNDA:9,(anonymous_2)
FNDA:19,(anonymous_3)
FNDA:9,(anonymous_4)
FNDA:9,(anonymous_5)
FNDA:1,(anonymous_6)
FNDA:15,(anonymous_7)
FNDA:3,(anonymous_8)
FNDA:1,(anonymous_9)
FNDA:3,(anonymous_10)
FNDA:0,(anonymous_11)
FNDA:4,(anonymous_12)
FNDA:7,(anonymous_13)
FNDA:1,(anonymous_14)
FNDA:27,useProvisioningContext
DA:83,1
DA:98,1
DA:99,1
DA:102,35
DA:104,1
DA:114,15
DA:120,3
DA:127,1
DA:133,3
DA:139,0
DA:146,4
DA:153,7
DA:159,1
DA:161,0
DA:166,0
DA:183,1
DA:186,19
DA:188,19
DA:189,9
DA:192,19
DA:193,19
DA:194,9
DA:198,19
DA:199,9
DA:200,9
DA:201,9
DA:202,0
DA:205,9
DA:206,0
DA:207,0
DA:208,0
DA:209,0
DA:212,0
DA:214,9
DA:218,19
DA:219,9
DA:220,9
DA:222,0
DA:226,19
DA:227,1
DA:230,19
DA:231,15
DA:234,19
DA:235,3
DA:238,19
DA:239,1
DA:242,19
DA:243,3
DA:246,19
DA:247,0
DA:250,19
DA:251,4
DA:254,19
DA:255,7
DA:258,19
DA:259,1
DA:260,1
DA:263,19
DA:284,27
DA:285,27
DA:286,2
DA:288,25
LF:62
LH:51
BRDA:102,0,0,1
BRDA:102,0,1,15
BRDA:102,0,2,3
BRDA:102,0,3,1
BRDA:102,0,4,3
BRDA:102,0,5,0
BRDA:102,0,6,4
BRDA:102,0,7,7
BRDA:102,0,8,1
BRDA:102,0,9,0
BRDA:102,0,10,0
BRDA:141,1,0,0
BRDA:141,1,1,0
BRDA:142,2,0,0
BRDA:142,2,1,0
BRDA:193,3,0,9
BRDA:193,3,1,10
BRDA:201,4,0,0
BRDA:201,4,1,9
BRDA:207,5,0,0
BRDA:207,5,1,0
BRDA:207,6,0,0
BRDA:207,6,1,0
BRDA:250,7,0,0
BRDA:285,8,0,2
BRDA:285,8,1,25
BRF:26
BRH:13
end_of_record
TN:
SF:context/ThemeContext.tsx
FN:15,ThemeProvider
FN:19,(anonymous_1)
FN:24,(anonymous_2)
FN:35,(anonymous_3)
FN:54,useTheme
FNF:5
FNH:5
FNDA:16,ThemeProvider
FNDA:12,(anonymous_1)
FNDA:12,(anonymous_2)
FNDA:3,(anonymous_3)
FNDA:22,useTheme
DA:13,2
DA:16,16
DA:17,16
DA:19,16
DA:21,12
DA:24,16
DA:25,12
DA:26,12
DA:27,12
DA:28,1
DA:31,0
DA:35,16
DA:36,3
DA:37,3
DA:38,3
DA:39,3
DA:41,0
DA:45,16
DA:55,22
DA:56,22
DA:57,2
DA:59,20
LF:22
LH:20
BRDA:17,0,0,16
BRDA:17,0,1,0
BRDA:27,1,0,1
BRDA:27,1,1,11
BRDA:36,2,0,2
BRDA:36,2,1,1
BRDA:56,3,0,2
BRDA:56,3,1,20
BRF:8
BRH:7
end_of_record
TN:
SF:hooks/useDeviceData.ts
FN:8,useDevices
FN:16,(anonymous_1)
FN:33,(anonymous_2)
FN:38,(anonymous_3)
FN:42,(anonymous_4)
FN:47,(anonymous_5)
FN:53,(anonymous_6)
FN:53,(anonymous_7)
FN:66,(anonymous_8)
FN:72,(anonymous_9)
FN:72,(anonymous_10)
FN:93,(anonymous_11)
FN:100,(anonymous_12)
FN:103,(anonymous_13)
FN:109,(anonymous_14)
FN:112,(anonymous_15)
FN:116,(anonymous_16)
FN:120,(anonymous_17)
FN:120,(anonymous_18)
FN:139,(anonymous_19)
FN:153,(anonymous_20)
FN:153,(anonymous_21)
FN:169,(anonymous_22)
FN:174,(anonymous_23)
FN:182,(anonymous_24)
FN:187,(anonymous_25)
FN:187,(anonymous_26)
FN:196,(anonymous_27)
FN:201,(anonymous_28)
FN:201,(anonymous_29)
FN:228,useRooms
FN:234,(anonymous_31)
FN:249,(anonymous_32)
FN:255,(anonymous_33)
FN:262,(anonymous_34)
FN:270,useDevice
FN:278,(anonymous_36)
FN:301,(anonymous_37)
FN:306,(anonymous_38)
FN:313,(anonymous_39)
FN:327,(anonymous_40)
FN:329,(anonymous_41)
FN:333,(anonymous_42)
FN:340,(anonymous_43)
FN:343,(anonymous_44)
FN:356,(anonymous_45)
FN:359,(anonymous_46)
FN:364,(anonymous_47)
FN:395,usePowerUsage
FN:410,(anonymous_49)
FN:425,(anonymous_50)
FN:435,(anonymous_51)
FN:445,(anonymous_52)
FN:450,(anonymous_53)
FN:454,(anonymous_54)
FN:455,(anonymous_55)
FN:456,(anonymous_56)
FN:467,(anonymous_57)
FN:472,(anonymous_58)
FN:478,(anonymous_59)
FN:480,(anonymous_60)
FN:485,(anonymous_61)
FN:492,(anonymous_62)
FN:496,(anonymous_63)
FN:513,useRealtimeConnection
FN:517,(anonymous_65)
FN:527,(anonymous_66)
FN:534,(anonymous_67)
FNF:68
FNH:15
FNDA:14,useDevices
FNDA:10,(anonymous_1)
FNDA:10,(anonymous_2)
FNDA:10,(anonymous_3)
FNDA:0,(anonymous_4)
FNDA:0,(anonymous_5)
FNDA:0,(anonymous_6)
FNDA:0,(anonymous_7)
FNDA:0,(anonymous_8)
FNDA:0,(anonymous_9)
FNDA:0,(anonymous_10)
FNDA:5,(anonymous_11)
FNDA:10,(anonymous_12)
FNDA:0,(anonymous_13)
FNDA:5,(anonymous_14)
FNDA:0,(anonymous_15)
FNDA:0,(anonymous_16)
FNDA:0,(anonymous_17)
FNDA:0,(anonymous_18)
FNDA:0,(anonymous_19)
FNDA:0,(anonymous_20)
FNDA:0,(anonymous_21)
FNDA:0,(anonymous_22)
FNDA:0,(anonymous_23)
FNDA:0,(anonymous_24)
FNDA:0,(anonymous_25)
FNDA:0,(anonymous_26)
FNDA:0,(anonymous_27)
FNDA:0,(anonymous_28)
FNDA:0,(anonymous_29)
FNDA:9,useRooms
FNDA:4,(anonymous_31)
FNDA:1,(anonymous_32)
FNDA:1,(anonymous_33)
FNDA:4,(anonymous_34)
FNDA:0,useDevice
FNDA:0,(anonymous_36)
FNDA:0,(anonymous_37)
FNDA:0,(anonymous_38)
FNDA:0,(anonymous_39)
FNDA:0,(anonymous_40)
FNDA:0,(anonymous_41)
FNDA:0,(anonymous_42)
FNDA:0,(anonymous_43)
FNDA:0,(anonymous_44)
FNDA:0,(anonymous_45)
FNDA:0,(anonymous_46)
FNDA:0,(anonymous_47)
FNDA:0,usePowerUsage
FNDA:0,(anonymous_49)
FNDA:0,(anonymous_50)
FNDA:0,(anonymous_51)
FNDA:0,(anonymous_52)
FNDA:0,(anonymous_53)
FNDA:0,(anonymous_54)
FNDA:0,(anonymous_55)
FNDA:0,(anonymous_56)
FNDA:0,(anonymous_57)
FNDA:0,(anonymous_58)
FNDA:0,(anonymous_59)
FNDA:0,(anonymous_60)
FNDA:0,(anonymous_61)
FNDA:0,(anonymous_62)
FNDA:0,(anonymous_63)
FNDA:2,useRealtimeConnection
FNDA:2,(anonymous_65)
FNDA:0,(anonymous_66)
FNDA:1,(anonymous_67)
DA:9,14
DA:10,14
DA:11,14
DA:12,14
DA:14,14
DA:16,14
DA:17,10
DA:19,5
DA:20,5
DA:21,5
DA:22,5
DA:23,4
DA:25,1
DA:26,1
DA:28,5
DA:33,14
DA:34,10
DA:38,14
DA:39,10
DA:42,5
DA:43,0
DA:47,5
DA:49,0
DA:51,0
DA:53,0
DA:54,0
DA:66,5
DA:68,0
DA:70,0
DA:72,0
DA:73,0
DA:93,5
DA:94,5
DA:95,5
DA:100,14
DA:101,10
DA:103,5
DA:104,0
DA:105,0
DA:109,5
DA:112,14
DA:113,0
DA:116,0
DA:119,0
DA:120,0
DA:121,0
DA:127,0
DA:128,0
DA:129,0
DA:130,0
DA:131,0
DA:134,0
DA:136,0
DA:139,0
DA:140,0
DA:141,0
DA:142,0
DA:143,0
DA:144,0
DA:145,0
DA:150,0
DA:153,0
DA:154,0
DA:159,0
DA:160,0
DA:161,0
DA:162,0
DA:164,0
DA:165,0
DA:169,14
DA:170,0
DA:172,0
DA:173,0
DA:174,0
DA:175,0
DA:177,0
DA:178,0
DA:182,14
DA:183,0
DA:185,0
DA:186,0
DA:187,0
DA:188,0
DA:190,0
DA:191,0
DA:195,14
DA:197,0
DA:199,0
DA:200,0
DA:201,0
DA:202,0
DA:206,0
DA:208,0
DA:209,0
DA:215,14
DA:229,9
DA:230,9
DA:231,9
DA:232,9
DA:234,9
DA:235,4
DA:237,2
DA:238,2
DA:239,2
DA:240,2
DA:242,0
DA:245,2
DA:249,9
DA:250,1
DA:252,1
DA:253,1
DA:254,1
DA:255,1
DA:256,1
DA:258,1
DA:262,9
DA:263,4
DA:266,9
DA:271,0
DA:272,0
DA:273,0
DA:274,0
DA:275,0
DA:278,0
DA:279,0
DA:281,0
DA:282,0
DA:283,0
DA:285,0
DA:290,0
DA:291,0
DA:293,0
DA:294,0
DA:296,0
DA:301,0
DA:302,0
DA:306,0
DA:307,0
DA:310,0
DA:313,0
DA:314,0
DA:315,0
DA:327,0
DA:328,0
DA:329,0
DA:333,0
DA:334,0
DA:335,0
DA:340,0
DA:341,0
DA:343,0
DA:344,0
DA:345,0
DA:346,0
DA:347,0
DA:348,0
DA:351,0
DA:356,0
DA:359,0
DA:360,0
DA:362,0
DA:363,0
DA:364,0
DA:365,0
DA:367,0
DA:368,0
DA:372,0
DA:396,0
DA:397,0
DA:398,0
DA:402,0
DA:403,0
DA:407,0
DA:408,0
DA:410,0
DA:411,0
DA:413,0
DA:414,0
DA:415,0
DA:417,0
DA:422,0
DA:423,0
DA:425,0
DA:428,0
DA:429,0
DA:431,0
DA:435,0
DA:436,0
DA:437,0
DA:438,0
DA:439,0
DA:441,0
DA:445,0
DA:446,0
DA:447,0
DA:448,0
DA:449,0
DA:450,0
DA:451,0
DA:452,0
DA:454,0
DA:455,0
DA:456,0
DA:460,0
DA:462,0
DA:467,0
DA:468,0
DA:472,0
DA:473,0
DA:475,0
DA:478,0
DA:479,0
DA:480,0
DA:481,0
DA:485,0
DA:486,0
DA:487,0
DA:492,0
DA:493,0
DA:495,0
DA:496,0
DA:499,0
DA:514,2
DA:515,2
DA:517,2
DA:518,2
DA:519,1
DA:520,1
DA:524,1
DA:527,1
DA:528,0
DA:532,1
DA:534,1
DA:535,1
DA:539,2
LF:235
LH:68
BRDA:17,0,0,5
BRDA:17,0,1,5
BRDA:26,1,0,1
BRDA:26,1,1,0
BRDA:39,2,0,5
BRDA:39,2,1,5
BRDA:49,3,0,0
BRDA:49,3,1,0
BRDA:51,4,0,0
BRDA:51,4,1,0
BRDA:54,5,0,0
BRDA:54,5,1,0
BRDA:54,6,0,0
BRDA:54,6,1,0
BRDA:59,7,0,0
BRDA:59,7,1,0
BRDA:59,8,0,0
BRDA:59,8,1,0
BRDA:68,9,0,0
BRDA:68,9,1,0
BRDA:70,10,0,0
BRDA:70,10,1,0
BRDA:73,11,0,0
BRDA:73,11,1,0
BRDA:73,12,0,0
BRDA:73,12,1,0
BRDA:81,13,0,0
BRDA:81,13,1,0
BRDA:85,14,0,0
BRDA:85,14,1,0
BRDA:87,15,0,0
BRDA:87,15,1,0
BRDA:101,16,0,5
BRDA:101,16,1,5
BRDA:104,17,0,0
BRDA:104,17,1,0
BRDA:113,18,0,0
BRDA:113,18,1,0
BRDA:116,19,0,0
BRDA:116,19,1,0
BRDA:121,20,0,0
BRDA:121,20,1,0
BRDA:121,21,0,0
BRDA:121,21,1,0
BRDA:129,22,0,0
BRDA:129,22,1,0
BRDA:141,23,0,0
BRDA:141,23,1,0
BRDA:143,24,0,0
BRDA:143,24,1,0
BRDA:154,25,0,0
BRDA:154,25,1,0
BRDA:154,26,0,0
BRDA:154,26,1,0
BRDA:160,27,0,0
BRDA:160,27,1,0
BRDA:170,28,0,0
BRDA:170,28,1,0
BRDA:183,29,0,0
BRDA:183,29,1,0
BRDA:187,30,0,0
BRDA:187,30,1,0
BRDA:197,31,0,0
BRDA:197,31,1,0
BRDA:202,32,0,0
BRDA:202,32,1,0
BRDA:202,33,0,0
BRDA:202,33,1,0
BRDA:235,34,0,2
BRDA:235,34,1,2
BRDA:250,35,0,0
BRDA:250,35,1,1
BRDA:279,36,0,0
BRDA:279,36,1,0
BRDA:279,37,0,0
BRDA:279,37,1,0
BRDA:294,38,0,0
BRDA:294,38,1,0
BRDA:307,39,0,0
BRDA:307,39,1,0
BRDA:307,40,0,0
BRDA:307,40,1,0
BRDA:314,41,0,0
BRDA:314,41,1,0
BRDA:314,42,0,0
BRDA:314,42,1,0
BRDA:320,43,0,0
BRDA:320,43,1,0
BRDA:328,44,0,0
BRDA:328,44,1,0
BRDA:328,45,0,0
BRDA:328,45,1,0
BRDA:329,46,0,0
BRDA:329,46,1,0
BRDA:341,47,0,0
BRDA:341,47,1,0
BRDA:341,48,0,0
BRDA:341,48,1,0
BRDA:344,49,0,0
BRDA:344,49,1,0
BRDA:347,50,0,0
BRDA:347,50,1,0
BRDA:360,51,0,0
BRDA:360,51,1,0
BRDA:360,52,0,0
BRDA:360,52,1,0
BRDA:364,53,0,0
BRDA:364,53,1,0
BRDA:411,54,0,0
BRDA:411,54,1,0
BRDA:424,55,0,0
BRDA:424,55,1,0
BRDA:425,56,0,0
BRDA:425,56,1,0
BRDA:429,57,0,0
BRDA:429,57,1,0
BRDA:436,58,0,0
BRDA:436,58,1,0
BRDA:446,59,0,0
BRDA:446,59,1,0
BRDA:449,60,0,0
BRDA:449,60,1,0
BRDA:452,61,0,0
BRDA:452,61,1,0
BRDA:473,62,0,0
BRDA:473,62,1,0
BRDA:493,63,0,0
BRDA:493,63,1,0
BRDA:518,64,0,1
BRDA:518,64,1,1
BRF:130
BRH:12
end_of_record
TN:
SF:hooks/useProvisioning.ts
FN:45,(anonymous_0)
FN:50,(anonymous_1)
FN:54,(anonymous_2)
FN:60,(anonymous_3)
FN:71,useProvisioning
FN:79,(anonymous_5)
FN:108,(anonymous_6)
FN:114,(anonymous_7)
FN:130,(anonymous_8)
FN:133,(anonymous_9)
FN:134,(anonymous_10)
FN:142,(anonymous_11)
FN:157,(anonymous_12)
FN:175,(anonymous_13)
FN:182,(anonymous_14)
FN:219,(anonymous_15)
FN:269,(anonymous_16)
FN:292,(anonymous_17)
FN:298,(anonymous_18)
FN:307,(anonymous_19)
FN:313,(anonymous_20)
FN:319,(anonymous_21)
FN:329,(anonymous_22)
FN:339,(anonymous_23)
FN:348,(anonymous_24)
FN:393,(anonymous_25)
FN:398,(anonymous_26)
FN:408,(anonymous_27)
FNF:28
FNH:18
FNDA:7,(anonymous_0)
FNDA:3,(anonymous_1)
FNDA:3,(anonymous_2)
FNDA:0,(anonymous_3)
FNDA:25,useProvisioning
FNDA:4,(anonymous_5)
FNDA:19,(anonymous_6)
FNDA:1,(anonymous_7)
FNDA:1,(anonymous_8)
FNDA:9,(anonymous_9)
FNDA:9,(anonymous_10)
FNDA:2,(anonymous_11)
FNDA:0,(anonymous_12)
FNDA:0,(anonymous_13)
FNDA:0,(anonymous_14)
FNDA:3,(anonymous_15)
FNDA:1,(anonymous_16)
FNDA:0,(anonymous_17)
FNDA:1,(anonymous_18)
FNDA:0,(anonymous_19)
FNDA:0,(anonymous_20)
FNDA:0,(anonymous_21)
FNDA:0,(anonymous_22)
FNDA:1,(anonymous_23)
FNDA:3,(anonymous_24)
FNDA:0,(anonymous_25)
FNDA:1,(anonymous_26)
FNDA:19,(anonymous_27)
DA:14,1
DA:15,1
DA:16,1
DA:45,1
DA:46,7
DA:47,7
DA:50,1
DA:53,3
DA:54,3
DA:61,0
DA:62,0
DA:64,0
DA:65,0
DA:67,0
DA:72,25
DA:73,25
DA:74,25
DA:75,25
DA:76,25
DA:78,25
DA:80,4
DA:81,4
DA:82,4
DA:83,4
DA:84,0
DA:87,4
DA:108,25
DA:109,19
DA:110,18
DA:111,18
DA:114,1
DA:115,1
DA:116,1
DA:117,1
DA:123,0
DA:124,0
DA:128,1
DA:129,1
DA:130,1
DA:133,25
DA:134,9
DA:135,9
DA:136,0
DA:137,0
DA:142,25
DA:143,2
DA:144,2
DA:145,2
DA:146,2
DA:147,2
DA:156,2
DA:157,1
DA:158,1
DA:161,1
DA:162,1
DA:163,1
DA:164,0
DA:167,1
DA:169,1
DA:171,2
DA:175,25
DA:176,0
DA:177,0
DA:178,0
DA:179,0
DA:180,0
DA:181,0
DA:182,0
DA:189,0
DA:190,0
DA:191,0
DA:196,0
DA:199,0
DA:200,0
DA:205,0
DA:207,0
DA:208,0
DA:213,0
DA:215,0
DA:219,25
DA:220,3
DA:221,3
DA:222,3
DA:223,3
DA:224,3
DA:225,3
DA:227,3
DA:228,3
DA:229,3
DA:230,3
DA:231,3
DA:232,3
DA:233,3
DA:234,3
DA:235,3
DA:236,3
DA:238,0
DA:239,0
DA:244,3
DA:245,3
DA:246,3
DA:253,3
DA:255,0
DA:256,0
DA:263,0
DA:265,3
DA:269,25
DA:270,1
DA:271,1
DA:274,0
DA:275,0
DA:277,0
DA:278,0
DA:284,0
DA:285,0
DA:286,0
DA:287,0
DA:288,0
DA:292,0
DA:295,0
DA:298,25
DA:299,1
DA:301,1
DA:302,1
DA:304,0
DA:307,1
DA:308,0
DA:309,0
DA:313,1
DA:314,0
DA:315,0
DA:319,1
DA:320,0
DA:321,0
DA:322,0
DA:324,0
DA:325,0
DA:329,1
DA:330,0
DA:331,0
DA:332,0
DA:334,0
DA:335,0
DA:339,1
DA:340,1
DA:341,1
DA:342,1
DA:343,1
DA:344,1
DA:348,25
DA:349,3
DA:350,2
DA:351,2
DA:354,1
DA:355,1
DA:356,1
DA:357,1
DA:358,1
DA:360,1
DA:361,1
DA:369,1
DA:370,1
DA:371,1
DA:372,1
DA:373,0
DA:378,1
DA:379,1
DA:385,1
DA:386,1
DA:387,1
DA:389,1
DA:393,25
DA:394,0
DA:395,0
DA:398,25
DA:399,1
DA:400,0
DA:401,0
DA:403,1
DA:404,1
DA:407,25
DA:408,19
DA:425,25
LF:183
LH:118
BRDA:47,0,0,7
BRDA:47,0,1,0
BRDA:61,1,0,0
BRDA:61,1,1,0
BRDA:61,2,0,0
BRDA:61,2,1,0
BRDA:64,3,0,0
BRDA:64,3,1,0
BRDA:64,4,0,0
BRDA:64,4,1,0
BRDA:83,5,0,0
BRDA:83,5,1,4
BRDA:109,6,0,18
BRDA:109,6,1,1
BRDA:117,7,0,0
BRDA:117,7,1,1
BRDA:118,8,0,1
BRDA:118,8,1,0
BRDA:118,8,2,0
BRDA:118,8,3,0
BRDA:135,9,0,0
BRDA:135,9,1,9
BRDA:156,10,0,1
BRDA:156,10,1,1
BRDA:158,11,0,1
BRDA:158,11,1,0
BRDA:163,12,0,0
BRDA:163,12,1,1
BRDA:189,13,0,0
BRDA:189,13,1,0
BRDA:238,14,0,0
BRDA:238,14,1,0
BRDA:270,15,0,1
BRDA:270,15,1,0
BRDA:284,16,0,0
BRDA:284,16,1,0
BRDA:286,17,0,0
BRDA:286,17,1,0
BRDA:286,18,0,0
BRDA:286,18,1,0
BRDA:308,19,0,0
BRDA:308,19,1,0
BRDA:314,20,0,0
BRDA:314,20,1,0
BRDA:314,21,0,0
BRDA:314,21,1,0
BRDA:321,22,0,0
BRDA:321,22,1,0
BRDA:324,23,0,0
BRDA:324,23,1,0
BRDA:324,24,0,0
BRDA:324,24,1,0
BRDA:331,25,0,0
BRDA:331,25,1,0
BRDA:334,26,0,0
BRDA:334,26,1,0
BRDA:334,27,0,0
BRDA:334,27,1,0
BRDA:334,27,2,0
BRDA:349,28,0,2
BRDA:349,28,1,1
BRDA:366,29,0,1
BRDA:366,29,1,1
BRDA:385,30,0,1
BRDA:385,30,1,0
BRDA:399,31,0,0
BRDA:399,31,1,1
BRF:67
BRH:18
end_of_record
TN:
SF:hooks/useWifiScan.ts
FN:33,useWifiScan
FN:41,(anonymous_1)
FN:45,(anonymous_2)
FN:64,(anonymous_3)
FN:103,(anonymous_4)
FN:119,(anonymous_5)
FN:157,(anonymous_6)
FN:179,(anonymous_7)
FN:198,(anonymous_8)
FN:218,(anonymous_9)
FN:252,(anonymous_10)
FN:276,(anonymous_11)
FN:306,(anonymous_12)
FN:311,(anonymous_13)
FNF:14
FNH:9
FNDA:23,useWifiScan
FNDA:9,(anonymous_1)
FNDA:9,(anonymous_2)
FNDA:0,(anonymous_3)
FNDA:0,(anonymous_4)
FNDA:1,(anonymous_5)
FNDA:0,(anonymous_6)
FNDA:0,(anonymous_7)
FNDA:1,(anonymous_8)
FNDA:0,(anonymous_9)
FNDA:1,(anonymous_10)
FNDA:3,(anonymous_11)
FNDA:1,(anonymous_12)
FNDA:2,(anonymous_13)
DA:7,1
DA:9,1
DA:10,1
DA:11,1
DA:30,1
DA:31,1
DA:34,23
DA:35,23
DA:36,23
DA:37,23
DA:38,23
DA:39,23
DA:41,23
DA:42,9
DA:45,23
DA:46,9
DA:47,0
DA:48,0
DA:49,0
DA:52,0
DA:54,0
DA:57,0
DA:60,9
DA:64,23
DA:65,0
DA:66,0
DA:69,0
DA:70,0
DA:73,0
DA:74,0
DA:85,0
DA:97,0
DA:98,0
DA:103,0
DA:106,0
DA:107,0
DA:110,0
DA:111,0
DA:112,0
DA:114,0
DA:115,0
DA:119,23
DA:120,1
DA:121,0
DA:122,0
DA:123,0
DA:124,0
DA:128,1
DA:129,1
DA:130,1
DA:131,1
DA:133,1
DA:134,1
DA:135,1
DA:136,1
DA:137,1
DA:138,1
DA:141,0
DA:142,0
DA:143,0
DA:144,0
DA:145,0
DA:148,0
DA:150,0
DA:151,0
DA:153,1
DA:157,23
DA:158,0
DA:159,0
DA:160,0
DA:161,0
DA:164,0
DA:165,0
DA:167,0
DA:168,0
DA:169,0
DA:170,0
DA:179,0
DA:180,0
DA:182,0
DA:183,0
DA:184,0
DA:186,0
DA:189,0
DA:190,0
DA:191,0
DA:192,0
DA:194,0
DA:198,23
DA:203,1
DA:204,1
DA:207,0
DA:208,0
DA:210,0
DA:211,0
DA:212,0
DA:213,0
DA:216,0
DA:218,0
DA:220,0
DA:222,0
DA:231,0
DA:232,0
DA:235,0
DA:236,0
DA:238,0
DA:239,0
DA:241,0
DA:242,0
DA:243,0
DA:244,0
DA:248,0
DA:252,23
DA:256,1
DA:257,1
DA:260,0
DA:261,0
DA:270,0
DA:272,0
DA:276,23
DA:281,3
DA:282,0
DA:283,0
DA:284,0
DA:287,3
DA:288,3
DA:290,3
DA:291,3
DA:297,1
DA:298,1
DA:300,2
DA:301,2
DA:302,2
DA:306,23
DA:307,1
DA:308,1
DA:311,23
DA:312,2
DA:313,2
DA:314,1
DA:317,1
DA:325,23
LF:142
LH:58
BRDA:46,0,0,0
BRDA:46,0,1,9
BRDA:48,1,0,0
BRDA:48,1,1,0
BRDA:65,2,0,0
BRDA:65,2,1,0
BRDA:73,3,0,0
BRDA:73,3,1,0
BRDA:97,4,0,0
BRDA:97,4,1,0
BRDA:120,5,0,0
BRDA:120,5,1,1
BRDA:122,6,0,0
BRDA:122,6,1,0
BRDA:134,7,0,1
BRDA:134,7,1,0
BRDA:141,8,0,0
BRDA:141,8,1,0
BRDA:150,9,0,0
BRDA:150,9,1,0
BRDA:160,10,0,0
BRDA:160,10,1,0
BRDA:169,11,0,0
BRDA:169,11,1,0
BRDA:171,12,0,0
BRDA:171,12,1,0
BRDA:174,13,0,0
BRDA:174,13,1,0
BRDA:182,14,0,0
BRDA:182,14,1,0
BRDA:189,15,0,0
BRDA:189,15,1,0
BRDA:189,16,0,0
BRDA:189,16,1,0
BRDA:203,17,0,1
BRDA:203,17,1,0
BRDA:203,18,0,1
BRDA:203,18,1,0
BRDA:212,19,0,0
BRDA:212,19,1,0
BRDA:231,20,0,0
BRDA:231,20,1,0
BRDA:243,21,0,0
BRDA:243,21,1,0
BRDA:256,22,0,1
BRDA:256,22,1,0
BRDA:256,23,0,1
BRDA:256,23,1,0
BRDA:281,24,0,0
BRDA:281,24,1,3
BRDA:300,25,0,2
BRDA:300,25,1,0
BRDA:313,26,0,1
BRDA:313,26,1,1
BRF:54
BRH:11
end_of_record
TN:
SF:screens/LoginScreen.tsx
FN:15,(anonymous_0)
FN:24,(anonymous_1)
FN:102,(anonymous_2)
FNF:3
FNH:2
FNDA:9,(anonymous_0)
FNDA:0,(anonymous_1)
FNDA:4,(anonymous_2)
DA:15,1
DA:16,9
DA:17,9
DA:18,9
DA:19,9
DA:20,9
DA:21,9
DA:22,9
DA:24,9
DA:25,0
DA:26,0
DA:27,0
DA:30,0
DA:32,0
DA:33,0
DA:34,0
DA:36,0
DA:39,0
DA:40,0
DA:42,0
DA:46,9
DA:102,4
DA:118,1
LF:23
LH:12
BRDA:25,0,0,0
BRDA:25,0,1,0
BRDA:25,1,0,0
BRDA:25,1,1,0
BRDA:25,1,2,0
BRDA:25,1,3,0
BRDA:33,2,0,0
BRDA:33,2,1,0
BRDA:39,3,0,0
BRDA:39,3,1,0
BRDA:39,4,0,0
BRDA:39,4,1,0
BRDA:40,5,0,0
BRDA:40,5,1,0
BRDA:50,6,0,0
BRDA:50,6,1,9
BRDA:54,7,0,0
BRDA:54,7,1,9
BRDA:56,8,0,6
BRDA:56,8,1,3
BRDA:59,9,0,9
BRDA:59,9,1,3
BRDA:61,10,0,0
BRDA:61,10,1,3
BRDA:63,11,0,0
BRDA:63,11,1,3
BRDA:70,12,0,0
BRDA:70,12,1,9
BRDA:72,13,0,0
BRDA:72,13,1,9
BRDA:80,14,0,0
BRDA:80,14,1,9
BRDA:82,15,0,0
BRDA:82,15,1,9
BRDA:89,16,0,9
BRDA:89,16,1,0
BRDA:93,17,0,0
BRDA:93,17,1,9
BRDA:97,18,0,6
BRDA:97,18,1,3
BRDA:106,19,0,0
BRDA:106,19,1,9
BRDA:109,20,0,6
BRDA:109,20,1,3
BRF:44
BRH:19
end_of_record
TN:
SF:services/deviceService.ts
FN:64,(anonymous_0)
FN:70,(anonymous_1)
FN:76,(anonymous_2)
FN:87,(anonymous_3)
FN:98,(anonymous_4)
FN:103,(anonymous_5)
FN:108,(anonymous_6)
FN:119,(anonymous_7)
FN:134,(anonymous_8)
FN:143,(anonymous_9)
FN:148,(anonymous_10)
FN:158,(anonymous_11)
FN:163,(anonymous_12)
FN:175,(anonymous_13)
FN:185,(anonymous_14)
FN:194,(anonymous_15)
FNF:16
FNH:15
FNDA:2,(anonymous_0)
FNDA:2,(anonymous_1)
FNDA:3,(anonymous_2)
FNDA:2,(anonymous_3)
FNDA:2,(anonymous_4)
FNDA:3,(anonymous_5)
FNDA:2,(anonymous_6)
FNDA:2,(anonymous_7)
FNDA:1,(anonymous_8)
FNDA:1,(anonymous_9)
FNDA:0,(anonymous_10)
FNDA:1,(anonymous_11)
FNDA:1,(anonymous_12)
FNDA:1,(anonymous_13)
FNDA:2,(anonymous_14)
FNDA:1,(anonymous_15)
DA:62,1
DA:65,2
DA:66,2
DA:71,2
DA:72,2
DA:81,3
DA:82,3
DA:83,3
DA:88,2
DA:89,2
DA:90,1
DA:92,1
DA:99,2
DA:104,3
DA:105,3
DA:106,2
DA:108,2
DA:114,1
DA:123,2
DA:124,2
DA:126,2
DA:138,1
DA:139,1
DA:144,1
DA:153,0
DA:154,0
DA:159,1
DA:171,1
DA:181,1
DA:190,2
DA:198,1
LF:31
LH:29
BRDA:66,0,0,2
BRDA:66,0,1,1
BRDA:72,1,0,2
BRDA:72,1,1,1
BRDA:81,2,0,1
BRDA:81,2,1,2
BRDA:83,3,0,3
BRDA:83,3,1,1
BRDA:83,3,2,1
BRDA:90,4,0,1
BRDA:90,4,1,0
BRDA:106,5,0,2
BRDA:106,5,1,0
BRDA:106,5,2,0
BRDA:109,6,0,2
BRDA:109,6,1,1
BRDA:124,7,0,2
BRDA:124,7,1,1
BRDA:127,8,0,2
BRDA:127,8,1,1
BRDA:139,9,0,1
BRDA:139,9,1,0
BRDA:154,10,0,0
BRDA:154,10,1,0
BRDA:188,11,0,1
BRF:25
BRH:19
end_of_record
TN:
SF:services/realtimeService.ts
FN:24,(anonymous_0)
FN:36,(anonymous_1)
FN:37,(anonymous_2)
FN:58,(anonymous_3)
FN:65,(anonymous_4)
FN:69,(anonymous_5)
FN:78,(anonymous_6)
FN:90,(anonymous_7)
FN:99,(anonymous_8)
FN:105,(anonymous_9)
FN:110,(anonymous_10)
FN:114,(anonymous_11)
FN:119,(anonymous_12)
FN:124,(anonymous_13)
FN:129,(anonymous_14)
FN:134,(anonymous_15)
FN:146,(anonymous_16)
FN:156,(anonymous_17)
FN:163,(anonymous_18)
FN:169,(anonymous_19)
FN:181,(anonymous_20)
FN:190,(anonymous_21)
FN:195,(anonymous_22)
FN:200,(anonymous_23)
FN:205,(anonymous_24)
FN:208,(anonymous_25)
FN:219,(anonymous_26)
FN:222,(anonymous_27)
FNF:28
FNH:12
FNDA:1,(anonymous_0)
FNDA:2,(anonymous_1)
FNDA:2,(anonymous_2)
FNDA:2,(anonymous_3)
FNDA:0,(anonymous_4)
FNDA:0,(anonymous_5)
FNDA:0,(anonymous_6)
FNDA:0,(anonymous_7)
FNDA:0,(anonymous_8)
FNDA:0,(anonymous_9)
FNDA:0,(anonymous_10)
FNDA:0,(anonymous_11)
FNDA:0,(anonymous_12)
FNDA:0,(anonymous_13)
FNDA:0,(anonymous_14)
FNDA:0,(anonymous_15)
FNDA:7,(anonymous_16)
FNDA:3,(anonymous_17)
FNDA:2,(anonymous_18)
FNDA:1,(anonymous_19)
FNDA:1,(anonymous_20)
FNDA:0,(anonymous_21)
FNDA:1,(anonymous_22)
FNDA:0,(anonymous_23)
FNDA:2,(anonymous_24)
FNDA:2,(anonymous_25)
FNDA:0,(anonymous_26)
FNDA:0,(anonymous_27)
DA:17,1
DA:18,1
DA:19,1
DA:20,1
DA:21,1
DA:22,1
DA:26,1
DA:27,1
DA:28,1
DA:29,1
DA:30,1
DA:31,1
DA:32,1
DA:37,2
DA:38,2
DA:39,0
DA:40,0
DA:43,2
DA:46,2
DA:47,2
DA:49,2
DA:50,2
DA:58,2
DA:59,2
DA:60,2
DA:61,2
DA:62,2
DA:65,2
DA:66,0
DA:69,2
DA:70,0
DA:71,0
DA:73,0
DA:78,2
DA:79,0
DA:80,0
DA:81,0
DA:82,0
DA:84,0
DA:85,0
DA:90,2
DA:91,0
DA:92,0
DA:93,0
DA:94,0
DA:99,2
DA:100,0
DA:101,0
DA:105,2
DA:106,0
DA:107,0
DA:110,2
DA:111,0
DA:114,2
DA:115,0
DA:116,0
DA:119,2
DA:120,0
DA:121,0
DA:124,2
DA:125,0
DA:126,0
DA:129,2
DA:130,0
DA:131,0
DA:134,2
DA:135,0
DA:139,0
DA:140,0
DA:147,7
DA:148,7
DA:149,2
DA:150,2
DA:152,7
DA:157,3
DA:158,3
DA:159,3
DA:163,3
DA:164,2
DA:170,1
DA:171,1
DA:172,1
DA:175,1
DA:178,1
DA:181,1
DA:182,1
DA:183,1
DA:184,1
DA:191,0
DA:196,1
DA:201,0
DA:206,2
DA:207,2
DA:208,2
DA:209,2
DA:210,2
DA:212,0
DA:220,0
DA:221,0
DA:222,0
DA:223,0
DA:224,0
DA:226,0
DA:234,1
LF:104
LH:63
BRDA:38,0,0,0
BRDA:38,0,1,2
BRDA:71,1,0,0
BRDA:71,1,1,0
BRDA:79,2,0,0
BRDA:79,2,1,0
BRDA:81,3,0,0
BRDA:81,3,1,0
BRDA:84,4,0,0
BRDA:84,4,1,0
BRDA:91,5,0,0
BRDA:91,5,1,0
BRDA:93,6,0,0
BRDA:93,6,1,0
BRDA:148,7,0,2
BRDA:148,7,1,5
BRDA:158,8,0,3
BRDA:158,8,1,0
BRDA:171,9,0,1
BRDA:171,9,1,0
BRDA:183,10,0,1
BRDA:183,10,1,0
BRDA:196,11,0,1
BRDA:196,11,1,1
BRDA:207,12,0,2
BRDA:207,12,1,0
BRDA:221,13,0,0
BRDA:221,13,1,0
BRF:28
BRH:9
end_of_record
TN:
SF:services/wifiService.ts
FN:21,(anonymous_0)
FN:28,(anonymous_1)
FN:38,(anonymous_2)
FN:39,(anonymous_3)
FN:46,(anonymous_4)
FN:53,(anonymous_5)
FN:63,(anonymous_6)
FN:76,(anonymous_7)
FN:82,(anonymous_8)
FN:93,(anonymous_9)
FN:103,(anonymous_10)
FN:137,(anonymous_11)
FNF:12
FNH:5
FNDA:0,(anonymous_0)
FNDA:0,(anonymous_1)
FNDA:0,(anonymous_2)
FNDA:0,(anonymous_3)
FNDA:0,(anonymous_4)
FNDA:4,(anonymous_5)
FNDA:0,(anonymous_6)
FNDA:0,(anonymous_7)
FNDA:4,(anonymous_8)
FNDA:4,(anonymous_9)
FNDA:3,(anonymous_10)
FNDA:1,(anonymous_11)
DA:4,1
DA:22,0
DA:23,0
DA:25,0
DA:29,0
DA:30,0
DA:35,0
DA:37,0
DA:38,0
DA:39,0
DA:41,0
DA:42,0
DA:49,0
DA:50,0
DA:54,4
DA:55,4
DA:64,0
DA:66,0
DA:67,0
DA:72,0
DA:73,0
DA:77,0
DA:78,0
DA:83,4
DA:84,4
DA:85,3
DA:86,3
DA:88,1
DA:89,1
DA:94,4
DA:95,4
DA:96,3
DA:98,1
DA:99,1
DA:109,3
DA:110,3
DA:122,2
DA:123,1
DA:124,1
DA:127,1
DA:129,1
DA:130,1
DA:138,1
DA:142,1
LF:44
LH:24
BRDA:22,0,0,0
BRDA:22,0,1,0
BRDA:57,1,0,4
BRDA:57,1,1,1
BRDA:58,2,0,4
BRDA:58,2,1,2
BRDA:64,3,0,0
BRDA:64,3,1,0
BRDA:77,4,0,0
BRDA:77,4,1,0
BRDA:86,5,0,3
BRDA:86,5,1,2
BRDA:96,6,0,3
BRDA:96,6,1,2
BRDA:122,7,0,1
BRDA:122,7,1,1
BRDA:132,8,0,1
BRDA:132,8,1,0
BRF:18
BRH:11
end_of_record
TN:
SF:utils/api.ts
FN:9,(anonymous_0)
FN:20,(anonymous_1)
FN:33,(anonymous_2)
FN:65,parseErrorMessage
FN:76,(anonymous_4)
FN:83,apiRequest
FNF:6
FNH:5
FNDA:0,(anonymous_0)
FNDA:3,(anonymous_1)
FNDA:3,(anonymous_2)
FNDA:1,parseErrorMessage
FNDA:1,(anonymous_4)
FNDA:5,apiRequest
DA:9,3
DA:10,0
DA:12,0
DA:13,0
DA:14,0
DA:16,0
DA:20,3
DA:21,3
DA:23,3
DA:27,3
DA:28,3
DA:31,3
DA:33,3
DA:34,3
DA:38,3
DA:40,3
DA:43,0
DA:45,0
DA:48,0
DA:49,0
DA:50,0
DA:53,0
DA:56,3
DA:58,0
DA:61,3
DA:66,1
DA:67,1
DA:68,0
DA:70,1
DA:77,1
DA:78,1
DA:79,1
DA:89,5
DA:92,5
DA:94,5
DA:100,5
DA:101,1
DA:102,1
DA:103,1
DA:105,4
LF:40
LH:27
BRDA:10,0,0,0
BRDA:10,0,1,0
BRDA:13,1,0,0
BRDA:13,1,1,0
BRDA:14,2,0,0
BRDA:14,2,1,0
BRDA:16,3,0,0
BRDA:16,3,1,0
BRDA:23,4,0,3
BRDA:23,4,1,3
BRDA:23,4,2,3
BRDA:27,5,0,0
BRDA:27,5,1,3
BRDA:28,6,0,0
BRDA:28,6,1,3
BRDA:38,7,0,3
BRDA:38,7,1,3
BRDA:38,7,2,3
BRDA:40,8,0,0
BRDA:40,8,1,3
BRDA:43,9,0,0
BRDA:43,9,1,0
BRDA:43,10,0,0
BRDA:43,10,1,0
BRDA:43,10,2,0
BRDA:45,11,0,0
BRDA:45,11,1,0
BRDA:45,11,2,0
BRDA:48,12,0,0
BRDA:48,12,1,0
BRDA:49,13,0,0
BRDA:49,13,1,0
BRDA:56,14,0,3
BRDA:56,14,1,0
BRDA:68,15,0,0
BRDA:68,15,1,0
BRDA:68,15,2,0
BRDA:68,15,3,0
BRDA:85,16,0,2
BRDA:92,17,0,1
BRDA:92,17,1,4
BRDA:97,18,0,1
BRDA:97,18,1,4
BRDA:100,19,0,1
BRDA:100,19,1,4
BRDA:103,20,0,1
BRDA:103,20,1,0
BRF:47
BRH:18
end_of_record
TN:
SF:utils/colors.ts
FN:82,(anonymous_0)
FN:96,(anonymous_1)
FNF:2
FNH:2
FNDA:7,(anonymous_0)
FNDA:2,(anonymous_1)
DA:4,2
DA:82,2
DA:84,7
DA:87,7
DA:88,7
DA:89,7
DA:92,7
DA:96,2
DA:97,2
LF:9
LH:9
BRDA:97,0,0,1
BRDA:97,0,1,1
BRF:2
BRH:2
end_of_record
TN:
SF:utils/logger.ts
FN:20,shouldLog
FN:24,formatLogEntry
FN:32,createLogEntry
FN:42,log
FN:64,createLogger
FN:66,(anonymous_5)
FN:67,(anonymous_6)
FN:68,(anonymous_7)
FN:69,(anonymous_8)
FN:74,(anonymous_9)
FN:75,(anonymous_10)
FN:76,(anonymous_11)
FN:77,(anonymous_12)
FNF:13
FNH:10
FNDA:11,shouldLog
FNDA:11,formatLogEntry
FNDA:11,createLogEntry
FNDA:11,log
FNDA:7,createLogger
FNDA:0,(anonymous_5)
FNDA:7,(anonymous_6)
FNDA:1,(anonymous_7)
FNDA:1,(anonymous_8)
FNDA:0,(anonymous_9)
FNDA:1,(anonymous_10)
FNDA:0,(anonymous_11)
FNDA:1,(anonymous_12)
DA:11,2
DA:18,2
DA:21,11
DA:25,11
DA:26,11
DA:27,11
DA:29,0
DA:33,11
DA:43,11
DA:45,11
DA:46,11
DA:48,11
DA:50,0
DA:51,0
DA:53,8
DA:54,8
DA:56,1
DA:57,1
DA:59,2
DA:60,2
DA:65,7
DA:66,0
DA:67,7
DA:68,1
DA:69,1
DA:73,2
DA:74,0
DA:75,1
DA:76,0
DA:77,1
LF:30
LH:24
BRDA:18,0,0,2
BRDA:18,0,1,0
BRDA:25,1,0,11
BRDA:25,1,1,0
BRDA:26,2,0,6
BRDA:26,2,1,5
BRDA:38,3,0,11
BRDA:38,3,1,6
BRDA:43,4,0,0
BRDA:43,4,1,11
BRDA:48,5,0,0
BRDA:48,5,1,8
BRDA:48,5,2,1
BRDA:48,5,3,2
BRF:14
BRH:10
end_of_record
